<?xml version="1.0" encoding="UTF-8"?>
<testsuite xmlns:xsi="http://www.w3.org/2001/XMLSchema-instance" xsi:noNamespaceSchemaLocation="https://maven.apache.org/surefire/maven-surefire-plugin/xsd/surefire-test-report-3.0.xsd" version="3.0" name="logic.BloodBankLogicTest" time="0.297" tests="12" errors="0" skipped="0" failures="0">
  <properties>
[...]
</properties>
  <testcase name="testGetBloodBankWithEstablished" classname="logic.BloodBankLogicTest" time="0.06">
    <system-out><![CDATA[2021-04-18T22:26:00,201|[DEBUG] EMFactory - getting EntityManagerFactory
2021-04-18T22:26:00,201|[DEBUG] EMFactory - initializeing EntityManagerFactory
2021-04-18T22:26:00,217|[DEBUG] SQL - 
    /* load entity.BloodBank */ select
        bloodbank0_.bank_id as bank_id1_1_0_,
        bloodbank0_.emplyee_count as emplyee_2_1_0_,
        bloodbank0_.established as establis3_1_0_,
        bloodbank0_.name as name4_1_0_,
        bloodbank0_.owner as owner6_1_0_,
        bloodbank0_.privately_owned as privatel5_1_0_ 
    from
        simplebloodbank.blood_bank bloodbank0_ 
    where
        bloodbank0_.bank_id=?
2021-04-18T22:26:00,217|[TRACE] BasicBinder - binding parameter [1] as [INTEGER] - [1]
2021-04-18T22:26:00,217|[DEBUG] SQL - 
    /* insert entity.BloodBank
        */ insert 
        into
            simplebloodbank.blood_bank
            (emplyee_count, established, name, owner, privately_owned) 
        values
            (?, ?, ?, ?, ?)
2021-04-18T22:26:00,217|[TRACE] BasicBinder - binding parameter [1] as [INTEGER] - [4321]
2021-04-18T22:26:00,217|[TRACE] BasicBinder - binding parameter [2] as [TIMESTAMP] - [Sat Nov 11 11:11:11 EST 1111]
2021-04-18T22:26:00,217|[TRACE] BasicBinder - binding parameter [3] as [VARCHAR] - [Junit 5 Test]
2021-04-18T22:26:00,217|[TRACE] BasicBinder - binding parameter [4] as [INTEGER] - [null]
2021-04-18T22:26:00,217|[TRACE] BasicBinder - binding parameter [5] as [BOOLEAN] - [true]
2021-04-18T22:26:00,217|[DEBUG] EMFactory - getting EntityManagerFactory
2021-04-18T22:26:00,217|[DEBUG] EMFactory - initializeing EntityManagerFactory
2021-04-18T22:26:00,217|[DEBUG] SQL - 
    /* BloodBank.findByEmplyeeCount */ select
        bloodbank0_.bank_id as bank_id1_1_,
        bloodbank0_.emplyee_count as emplyee_2_1_,
        bloodbank0_.established as establis3_1_,
        bloodbank0_.name as name4_1_,
        bloodbank0_.owner as owner6_1_,
        bloodbank0_.privately_owned as privatel5_1_ 
    from
        simplebloodbank.blood_bank bloodbank0_ 
    where
        bloodbank0_.emplyee_count=?
2021-04-18T22:26:00,217|[TRACE] BasicBinder - binding parameter [1] as [INTEGER] - [4321]
2021-04-18T22:26:00,217|[TRACE] BasicExtractor - extracted value ([bank_id1_1_] : [INTEGER]) - [1]
2021-04-18T22:26:00,217|[TRACE] BasicExtractor - extracted value ([emplyee_2_1_] : [INTEGER]) - [4321]
2021-04-18T22:26:00,217|[TRACE] BasicExtractor - extracted value ([establis3_1_] : [TIMESTAMP]) - [1111-11-11 11:11:11.0]
2021-04-18T22:26:00,217|[TRACE] BasicExtractor - extracted value ([name4_1_] : [VARCHAR]) - [Junit 5 Test]
2021-04-18T22:26:00,232|[TRACE] BasicExtractor - extracted value ([owner6_1_] : [INTEGER]) - [null]
2021-04-18T22:26:00,233|[TRACE] BasicExtractor - extracted value ([privatel5_1_] : [BOOLEAN]) - [true]
2021-04-18T22:26:00,239|[DEBUG] EMFactory - getting EntityManagerFactory
2021-04-18T22:26:00,239|[DEBUG] EMFactory - initializeing EntityManagerFactory
2021-04-18T22:26:00,254|[DEBUG] SQL - 
    /* load entity.BloodBank */ select
        bloodbank0_.bank_id as bank_id1_1_0_,
        bloodbank0_.emplyee_count as emplyee_2_1_0_,
        bloodbank0_.established as establis3_1_0_,
        bloodbank0_.name as name4_1_0_,
        bloodbank0_.owner as owner6_1_0_,
        bloodbank0_.privately_owned as privatel5_1_0_ 
    from
        simplebloodbank.blood_bank bloodbank0_ 
    where
        bloodbank0_.bank_id=?
2021-04-18T22:26:00,254|[TRACE] BasicBinder - binding parameter [1] as [INTEGER] - [1]
2021-04-18T22:26:00,255|[TRACE] BasicExtractor - extracted value ([emplyee_2_1_0_] : [INTEGER]) - [4321]
2021-04-18T22:26:00,255|[TRACE] BasicExtractor - extracted value ([establis3_1_0_] : [TIMESTAMP]) - [1111-11-11 11:11:11.0]
2021-04-18T22:26:00,255|[TRACE] BasicExtractor - extracted value ([name4_1_0_] : [VARCHAR]) - [Junit 5 Test]
2021-04-18T22:26:00,255|[TRACE] BasicExtractor - extracted value ([owner6_1_0_] : [INTEGER]) - [null]
2021-04-18T22:26:00,255|[TRACE] BasicExtractor - extracted value ([privatel5_1_0_] : [BOOLEAN]) - [true]
2021-04-18T22:26:00,258|[DEBUG] SQL - 
    /* delete entity.BloodBank */ delete 
        from
            simplebloodbank.blood_bank 
        where
            bank_id=?
2021-04-18T22:26:00,258|[TRACE] BasicBinder - binding parameter [1] as [INTEGER] - [1]
]]></system-out>
    <system-err><![CDATA[Apr. 18, 2021 10:26:00 P.M. dal.GenericDAL lambda$setParameters$0
INFO: setParameters: emplyeeCount=4321
]]></system-err>
  </testcase>
  <testcase name="testGetBloodBankWithPrivatelyOwned" classname="logic.BloodBankLogicTest" time="0.026">
    <system-out><![CDATA[2021-04-18T22:26:00,261|[DEBUG] EMFactory - getting EntityManagerFactory
2021-04-18T22:26:00,262|[DEBUG] EMFactory - initializeing EntityManagerFactory
2021-04-18T22:26:00,262|[DEBUG] SQL - 
    /* load entity.BloodBank */ select
        bloodbank0_.bank_id as bank_id1_1_0_,
        bloodbank0_.emplyee_count as emplyee_2_1_0_,
        bloodbank0_.established as establis3_1_0_,
        bloodbank0_.name as name4_1_0_,
        bloodbank0_.owner as owner6_1_0_,
        bloodbank0_.privately_owned as privatel5_1_0_ 
    from
        simplebloodbank.blood_bank bloodbank0_ 
    where
        bloodbank0_.bank_id=?
2021-04-18T22:26:00,263|[TRACE] BasicBinder - binding parameter [1] as [INTEGER] - [1]
2021-04-18T22:26:00,264|[DEBUG] SQL - 
    /* insert entity.BloodBank
        */ insert 
        into
            simplebloodbank.blood_bank
            (emplyee_count, established, name, owner, privately_owned) 
        values
            (?, ?, ?, ?, ?)
2021-04-18T22:26:00,264|[TRACE] BasicBinder - binding parameter [1] as [INTEGER] - [4321]
2021-04-18T22:26:00,264|[TRACE] BasicBinder - binding parameter [2] as [TIMESTAMP] - [Sat Nov 11 11:11:11 EST 1111]
2021-04-18T22:26:00,264|[TRACE] BasicBinder - binding parameter [3] as [VARCHAR] - [Junit 5 Test]
2021-04-18T22:26:00,264|[TRACE] BasicBinder - binding parameter [4] as [INTEGER] - [null]
2021-04-18T22:26:00,264|[TRACE] BasicBinder - binding parameter [5] as [BOOLEAN] - [true]
2021-04-18T22:26:00,268|[DEBUG] EMFactory - getting EntityManagerFactory
2021-04-18T22:26:00,268|[DEBUG] EMFactory - initializeing EntityManagerFactory
2021-04-18T22:26:00,269|[DEBUG] SQL - 
    /* BloodBank.findByEmplyeeCount */ select
        bloodbank0_.bank_id as bank_id1_1_,
        bloodbank0_.emplyee_count as emplyee_2_1_,
        bloodbank0_.established as establis3_1_,
        bloodbank0_.name as name4_1_,
        bloodbank0_.owner as owner6_1_,
        bloodbank0_.privately_owned as privatel5_1_ 
    from
        simplebloodbank.blood_bank bloodbank0_ 
    where
        bloodbank0_.emplyee_count=?
2021-04-18T22:26:00,269|[TRACE] BasicBinder - binding parameter [1] as [INTEGER] - [4321]
2021-04-18T22:26:00,270|[TRACE] BasicExtractor - extracted value ([bank_id1_1_] : [INTEGER]) - [2]
2021-04-18T22:26:00,270|[TRACE] BasicExtractor - extracted value ([emplyee_2_1_] : [INTEGER]) - [4321]
2021-04-18T22:26:00,270|[TRACE] BasicExtractor - extracted value ([establis3_1_] : [TIMESTAMP]) - [1111-11-11 11:11:11.0]
2021-04-18T22:26:00,270|[TRACE] BasicExtractor - extracted value ([name4_1_] : [VARCHAR]) - [Junit 5 Test]
2021-04-18T22:26:00,270|[TRACE] BasicExtractor - extracted value ([owner6_1_] : [INTEGER]) - [null]
2021-04-18T22:26:00,270|[TRACE] BasicExtractor - extracted value ([privatel5_1_] : [BOOLEAN]) - [true]
2021-04-18T22:26:00,271|[DEBUG] EMFactory - getting EntityManagerFactory
2021-04-18T22:26:00,271|[DEBUG] EMFactory - initializeing EntityManagerFactory
2021-04-18T22:26:00,285|[DEBUG] SQL - 
    /* load entity.BloodBank */ select
        bloodbank0_.bank_id as bank_id1_1_0_,
        bloodbank0_.emplyee_count as emplyee_2_1_0_,
        bloodbank0_.established as establis3_1_0_,
        bloodbank0_.name as name4_1_0_,
        bloodbank0_.owner as owner6_1_0_,
        bloodbank0_.privately_owned as privatel5_1_0_ 
    from
        simplebloodbank.blood_bank bloodbank0_ 
    where
        bloodbank0_.bank_id=?
2021-04-18T22:26:00,285|[TRACE] BasicBinder - binding parameter [1] as [INTEGER] - [2]
2021-04-18T22:26:00,285|[TRACE] BasicExtractor - extracted value ([emplyee_2_1_0_] : [INTEGER]) - [4321]
2021-04-18T22:26:00,285|[TRACE] BasicExtractor - extracted value ([establis3_1_0_] : [TIMESTAMP]) - [1111-11-11 11:11:11.0]
2021-04-18T22:26:00,285|[TRACE] BasicExtractor - extracted value ([name4_1_0_] : [VARCHAR]) - [Junit 5 Test]
2021-04-18T22:26:00,285|[TRACE] BasicExtractor - extracted value ([owner6_1_0_] : [INTEGER]) - [null]
2021-04-18T22:26:00,285|[TRACE] BasicExtractor - extracted value ([privatel5_1_0_] : [BOOLEAN]) - [true]
2021-04-18T22:26:00,285|[DEBUG] SQL - 
    /* delete entity.BloodBank */ delete 
        from
            simplebloodbank.blood_bank 
        where
            bank_id=?
2021-04-18T22:26:00,287|[TRACE] BasicBinder - binding parameter [1] as [INTEGER] - [2]
]]></system-out>
    <system-err><![CDATA[Apr. 18, 2021 10:26:00 P.M. dal.GenericDAL lambda$setParameters$0
INFO: setParameters: emplyeeCount=4321
]]></system-err>
  </testcase>
  <testcase name="testGetBloodBankWithEmployeeCount" classname="logic.BloodBankLogicTest" time="0.028">
    <system-out><![CDATA[2021-04-18T22:26:00,287|[DEBUG] EMFactory - getting EntityManagerFactory
2021-04-18T22:26:00,287|[DEBUG] EMFactory - initializeing EntityManagerFactory
2021-04-18T22:26:00,287|[DEBUG] SQL - 
    /* load entity.BloodBank */ select
        bloodbank0_.bank_id as bank_id1_1_0_,
        bloodbank0_.emplyee_count as emplyee_2_1_0_,
        bloodbank0_.established as establis3_1_0_,
        bloodbank0_.name as name4_1_0_,
        bloodbank0_.owner as owner6_1_0_,
        bloodbank0_.privately_owned as privatel5_1_0_ 
    from
        simplebloodbank.blood_bank bloodbank0_ 
    where
        bloodbank0_.bank_id=?
2021-04-18T22:26:00,287|[TRACE] BasicBinder - binding parameter [1] as [INTEGER] - [1]
2021-04-18T22:26:00,287|[DEBUG] SQL - 
    /* insert entity.BloodBank
        */ insert 
        into
            simplebloodbank.blood_bank
            (emplyee_count, established, name, owner, privately_owned) 
        values
            (?, ?, ?, ?, ?)
2021-04-18T22:26:00,287|[TRACE] BasicBinder - binding parameter [1] as [INTEGER] - [4321]
2021-04-18T22:26:00,287|[TRACE] BasicBinder - binding parameter [2] as [TIMESTAMP] - [Sat Nov 11 11:11:11 EST 1111]
2021-04-18T22:26:00,287|[TRACE] BasicBinder - binding parameter [3] as [VARCHAR] - [Junit 5 Test]
2021-04-18T22:26:00,287|[TRACE] BasicBinder - binding parameter [4] as [INTEGER] - [null]
2021-04-18T22:26:00,287|[TRACE] BasicBinder - binding parameter [5] as [BOOLEAN] - [true]
2021-04-18T22:26:00,297|[DEBUG] EMFactory - getting EntityManagerFactory
2021-04-18T22:26:00,297|[DEBUG] EMFactory - initializeing EntityManagerFactory
2021-04-18T22:26:00,297|[DEBUG] SQL - 
    /* BloodBank.findByEmplyeeCount */ select
        bloodbank0_.bank_id as bank_id1_1_,
        bloodbank0_.emplyee_count as emplyee_2_1_,
        bloodbank0_.established as establis3_1_,
        bloodbank0_.name as name4_1_,
        bloodbank0_.owner as owner6_1_,
        bloodbank0_.privately_owned as privatel5_1_ 
    from
        simplebloodbank.blood_bank bloodbank0_ 
    where
        bloodbank0_.emplyee_count=?
2021-04-18T22:26:00,297|[TRACE] BasicBinder - binding parameter [1] as [INTEGER] - [4321]
2021-04-18T22:26:00,297|[TRACE] BasicExtractor - extracted value ([bank_id1_1_] : [INTEGER]) - [3]
2021-04-18T22:26:00,297|[TRACE] BasicExtractor - extracted value ([emplyee_2_1_] : [INTEGER]) - [4321]
2021-04-18T22:26:00,297|[TRACE] BasicExtractor - extracted value ([establis3_1_] : [TIMESTAMP]) - [1111-11-11 11:11:11.0]
2021-04-18T22:26:00,297|[TRACE] BasicExtractor - extracted value ([name4_1_] : [VARCHAR]) - [Junit 5 Test]
2021-04-18T22:26:00,297|[TRACE] BasicExtractor - extracted value ([owner6_1_] : [INTEGER]) - [null]
2021-04-18T22:26:00,297|[TRACE] BasicExtractor - extracted value ([privatel5_1_] : [BOOLEAN]) - [true]
2021-04-18T22:26:00,297|[DEBUG] EMFactory - getting EntityManagerFactory
2021-04-18T22:26:00,297|[DEBUG] EMFactory - initializeing EntityManagerFactory
2021-04-18T22:26:00,307|[DEBUG] SQL - 
    /* load entity.BloodBank */ select
        bloodbank0_.bank_id as bank_id1_1_0_,
        bloodbank0_.emplyee_count as emplyee_2_1_0_,
        bloodbank0_.established as establis3_1_0_,
        bloodbank0_.name as name4_1_0_,
        bloodbank0_.owner as owner6_1_0_,
        bloodbank0_.privately_owned as privatel5_1_0_ 
    from
        simplebloodbank.blood_bank bloodbank0_ 
    where
        bloodbank0_.bank_id=?
2021-04-18T22:26:00,307|[TRACE] BasicBinder - binding parameter [1] as [INTEGER] - [3]
2021-04-18T22:26:00,307|[TRACE] BasicExtractor - extracted value ([emplyee_2_1_0_] : [INTEGER]) - [4321]
2021-04-18T22:26:00,307|[TRACE] BasicExtractor - extracted value ([establis3_1_0_] : [TIMESTAMP]) - [1111-11-11 11:11:11.0]
2021-04-18T22:26:00,307|[TRACE] BasicExtractor - extracted value ([name4_1_0_] : [VARCHAR]) - [Junit 5 Test]
2021-04-18T22:26:00,307|[TRACE] BasicExtractor - extracted value ([owner6_1_0_] : [INTEGER]) - [null]
2021-04-18T22:26:00,307|[TRACE] BasicExtractor - extracted value ([privatel5_1_0_] : [BOOLEAN]) - [true]
2021-04-18T22:26:00,307|[DEBUG] SQL - 
    /* delete entity.BloodBank */ delete 
        from
            simplebloodbank.blood_bank 
        where
            bank_id=?
2021-04-18T22:26:00,307|[TRACE] BasicBinder - binding parameter [1] as [INTEGER] - [3]
]]></system-out>
    <system-err><![CDATA[Apr. 18, 2021 10:26:00 P.M. dal.GenericDAL lambda$setParameters$0
INFO: setParameters: emplyeeCount=4321
]]></system-err>
  </testcase>
  <testcase name="testExtractDataAsList" classname="logic.BloodBankLogicTest" time="0.01">
    <system-out><![CDATA[2021-04-18T22:26:00,315|[DEBUG] EMFactory - getting EntityManagerFactory
2021-04-18T22:26:00,315|[DEBUG] EMFactory - initializeing EntityManagerFactory
2021-04-18T22:26:00,317|[DEBUG] SQL - 
    /* load entity.BloodBank */ select
        bloodbank0_.bank_id as bank_id1_1_0_,
        bloodbank0_.emplyee_count as emplyee_2_1_0_,
        bloodbank0_.established as establis3_1_0_,
        bloodbank0_.name as name4_1_0_,
        bloodbank0_.owner as owner6_1_0_,
        bloodbank0_.privately_owned as privatel5_1_0_ 
    from
        simplebloodbank.blood_bank bloodbank0_ 
    where
        bloodbank0_.bank_id=?
2021-04-18T22:26:00,317|[TRACE] BasicBinder - binding parameter [1] as [INTEGER] - [1]
2021-04-18T22:26:00,317|[DEBUG] SQL - 
    /* insert entity.BloodBank
        */ insert 
        into
            simplebloodbank.blood_bank
            (emplyee_count, established, name, owner, privately_owned) 
        values
            (?, ?, ?, ?, ?)
2021-04-18T22:26:00,317|[TRACE] BasicBinder - binding parameter [1] as [INTEGER] - [4321]
2021-04-18T22:26:00,317|[TRACE] BasicBinder - binding parameter [2] as [TIMESTAMP] - [Sat Nov 11 11:11:11 EST 1111]
2021-04-18T22:26:00,317|[TRACE] BasicBinder - binding parameter [3] as [VARCHAR] - [Junit 5 Test]
2021-04-18T22:26:00,317|[TRACE] BasicBinder - binding parameter [4] as [INTEGER] - [null]
2021-04-18T22:26:00,317|[TRACE] BasicBinder - binding parameter [5] as [BOOLEAN] - [true]
2021-04-18T22:26:00,317|[DEBUG] EMFactory - getting EntityManagerFactory
2021-04-18T22:26:00,317|[DEBUG] EMFactory - initializeing EntityManagerFactory
2021-04-18T22:26:00,317|[DEBUG] SQL - 
    /* load entity.BloodBank */ select
        bloodbank0_.bank_id as bank_id1_1_0_,
        bloodbank0_.emplyee_count as emplyee_2_1_0_,
        bloodbank0_.established as establis3_1_0_,
        bloodbank0_.name as name4_1_0_,
        bloodbank0_.owner as owner6_1_0_,
        bloodbank0_.privately_owned as privatel5_1_0_ 
    from
        simplebloodbank.blood_bank bloodbank0_ 
    where
        bloodbank0_.bank_id=?
2021-04-18T22:26:00,317|[TRACE] BasicBinder - binding parameter [1] as [INTEGER] - [4]
2021-04-18T22:26:00,317|[TRACE] BasicExtractor - extracted value ([emplyee_2_1_0_] : [INTEGER]) - [4321]
2021-04-18T22:26:00,317|[TRACE] BasicExtractor - extracted value ([establis3_1_0_] : [TIMESTAMP]) - [1111-11-11 11:11:11.0]
2021-04-18T22:26:00,317|[TRACE] BasicExtractor - extracted value ([name4_1_0_] : [VARCHAR]) - [Junit 5 Test]
2021-04-18T22:26:00,317|[TRACE] BasicExtractor - extracted value ([owner6_1_0_] : [INTEGER]) - [null]
2021-04-18T22:26:00,317|[TRACE] BasicExtractor - extracted value ([privatel5_1_0_] : [BOOLEAN]) - [true]
2021-04-18T22:26:00,317|[DEBUG] SQL - 
    /* delete entity.BloodBank */ delete 
        from
            simplebloodbank.blood_bank 
        where
            bank_id=?
2021-04-18T22:26:00,317|[TRACE] BasicBinder - binding parameter [1] as [INTEGER] - [4]
]]></system-out>
  </testcase>
  <testcase name="testCreateEntityAndAdd" classname="logic.BloodBankLogicTest" time="0.032">
    <system-out><![CDATA[2021-04-18T22:26:00,325|[DEBUG] EMFactory - getting EntityManagerFactory
2021-04-18T22:26:00,325|[DEBUG] EMFactory - initializeing EntityManagerFactory
2021-04-18T22:26:00,327|[DEBUG] SQL - 
    /* load entity.BloodBank */ select
        bloodbank0_.bank_id as bank_id1_1_0_,
        bloodbank0_.emplyee_count as emplyee_2_1_0_,
        bloodbank0_.established as establis3_1_0_,
        bloodbank0_.name as name4_1_0_,
        bloodbank0_.owner as owner6_1_0_,
        bloodbank0_.privately_owned as privatel5_1_0_ 
    from
        simplebloodbank.blood_bank bloodbank0_ 
    where
        bloodbank0_.bank_id=?
2021-04-18T22:26:00,327|[TRACE] BasicBinder - binding parameter [1] as [INTEGER] - [1]
2021-04-18T22:26:00,327|[DEBUG] SQL - 
    /* insert entity.BloodBank
        */ insert 
        into
            simplebloodbank.blood_bank
            (emplyee_count, established, name, owner, privately_owned) 
        values
            (?, ?, ?, ?, ?)
2021-04-18T22:26:00,327|[TRACE] BasicBinder - binding parameter [1] as [INTEGER] - [4321]
2021-04-18T22:26:00,327|[TRACE] BasicBinder - binding parameter [2] as [TIMESTAMP] - [Sat Nov 11 11:11:11 EST 1111]
2021-04-18T22:26:00,327|[TRACE] BasicBinder - binding parameter [3] as [VARCHAR] - [Junit 5 Test]
2021-04-18T22:26:00,327|[TRACE] BasicBinder - binding parameter [4] as [INTEGER] - [null]
2021-04-18T22:26:00,327|[TRACE] BasicBinder - binding parameter [5] as [BOOLEAN] - [true]
{employee_count=[Ljava.lang.String;@5046ad1c, established=[Ljava.lang.String;@368f2959, privately_owned=[Ljava.lang.String;@41bbdb8d, name=[Ljava.lang.String;@1357ee2a}
2021-04-18T22:26:00,327|[DEBUG] EMFactory - getting EntityManagerFactory
2021-04-18T22:26:00,327|[DEBUG] EMFactory - initializeing EntityManagerFactory
2021-04-18T22:26:00,327|[DEBUG] SQL - 
    /* insert entity.BloodBank
        */ insert 
        into
            simplebloodbank.blood_bank
            (emplyee_count, established, name, owner, privately_owned) 
        values
            (?, ?, ?, ?, ?)
2021-04-18T22:26:00,327|[TRACE] BasicBinder - binding parameter [1] as [INTEGER] - [12345]
2021-04-18T22:26:00,327|[TRACE] BasicBinder - binding parameter [2] as [TIMESTAMP] - [Sun Nov 11 12:12:12 EST 2001]
2021-04-18T22:26:00,327|[TRACE] BasicBinder - binding parameter [3] as [VARCHAR] - [TestCreateEntity]
2021-04-18T22:26:00,327|[TRACE] BasicBinder - binding parameter [4] as [INTEGER] - [null]
2021-04-18T22:26:00,327|[TRACE] BasicBinder - binding parameter [5] as [BOOLEAN] - [true]
2021-04-18T22:26:00,337|[DEBUG] EMFactory - getting EntityManagerFactory
2021-04-18T22:26:00,337|[DEBUG] EMFactory - initializeing EntityManagerFactory
2021-04-18T22:26:00,337|[DEBUG] SQL - 
    /* BloodBank.findByName */ select
        bloodbank0_.bank_id as bank_id1_1_,
        bloodbank0_.emplyee_count as emplyee_2_1_,
        bloodbank0_.established as establis3_1_,
        bloodbank0_.name as name4_1_,
        bloodbank0_.owner as owner6_1_,
        bloodbank0_.privately_owned as privatel5_1_ 
    from
        simplebloodbank.blood_bank bloodbank0_ 
    where
        bloodbank0_.name=?
2021-04-18T22:26:00,337|[TRACE] BasicBinder - binding parameter [1] as [VARCHAR] - [TestCreateEntity]
2021-04-18T22:26:00,337|[TRACE] BasicExtractor - extracted value ([bank_id1_1_] : [INTEGER]) - [6]
2021-04-18T22:26:00,337|[TRACE] BasicExtractor - extracted value ([emplyee_2_1_] : [INTEGER]) - [12345]
2021-04-18T22:26:00,337|[TRACE] BasicExtractor - extracted value ([establis3_1_] : [TIMESTAMP]) - [2001-11-11 12:12:12.0]
2021-04-18T22:26:00,337|[TRACE] BasicExtractor - extracted value ([name4_1_] : [VARCHAR]) - [TestCreateEntity]
2021-04-18T22:26:00,337|[TRACE] BasicExtractor - extracted value ([owner6_1_] : [INTEGER]) - [null]
2021-04-18T22:26:00,337|[TRACE] BasicExtractor - extracted value ([privatel5_1_] : [BOOLEAN]) - [true]
2021-04-18T22:26:00,337|[DEBUG] EMFactory - getting EntityManagerFactory
2021-04-18T22:26:00,337|[DEBUG] EMFactory - initializeing EntityManagerFactory
2021-04-18T22:26:00,345|[DEBUG] SQL - 
    /* load entity.BloodBank */ select
        bloodbank0_.bank_id as bank_id1_1_0_,
        bloodbank0_.emplyee_count as emplyee_2_1_0_,
        bloodbank0_.established as establis3_1_0_,
        bloodbank0_.name as name4_1_0_,
        bloodbank0_.owner as owner6_1_0_,
        bloodbank0_.privately_owned as privatel5_1_0_ 
    from
        simplebloodbank.blood_bank bloodbank0_ 
    where
        bloodbank0_.bank_id=?
2021-04-18T22:26:00,345|[TRACE] BasicBinder - binding parameter [1] as [INTEGER] - [6]
2021-04-18T22:26:00,345|[TRACE] BasicExtractor - extracted value ([emplyee_2_1_0_] : [INTEGER]) - [12345]
2021-04-18T22:26:00,345|[TRACE] BasicExtractor - extracted value ([establis3_1_0_] : [TIMESTAMP]) - [2001-11-11 12:12:12.0]
2021-04-18T22:26:00,345|[TRACE] BasicExtractor - extracted value ([name4_1_0_] : [VARCHAR]) - [TestCreateEntity]
2021-04-18T22:26:00,345|[TRACE] BasicExtractor - extracted value ([owner6_1_0_] : [INTEGER]) - [null]
2021-04-18T22:26:00,345|[TRACE] BasicExtractor - extracted value ([privatel5_1_0_] : [BOOLEAN]) - [true]
2021-04-18T22:26:00,345|[DEBUG] SQL - 
    /* delete entity.BloodBank */ delete 
        from
            simplebloodbank.blood_bank 
        where
            bank_id=?
2021-04-18T22:26:00,345|[TRACE] BasicBinder - binding parameter [1] as [INTEGER] - [6]
2021-04-18T22:26:00,357|[DEBUG] EMFactory - getting EntityManagerFactory
2021-04-18T22:26:00,357|[DEBUG] EMFactory - initializeing EntityManagerFactory
2021-04-18T22:26:00,357|[DEBUG] SQL - 
    /* load entity.BloodBank */ select
        bloodbank0_.bank_id as bank_id1_1_0_,
        bloodbank0_.emplyee_count as emplyee_2_1_0_,
        bloodbank0_.established as establis3_1_0_,
        bloodbank0_.name as name4_1_0_,
        bloodbank0_.owner as owner6_1_0_,
        bloodbank0_.privately_owned as privatel5_1_0_ 
    from
        simplebloodbank.blood_bank bloodbank0_ 
    where
        bloodbank0_.bank_id=?
2021-04-18T22:26:00,357|[TRACE] BasicBinder - binding parameter [1] as [INTEGER] - [5]
2021-04-18T22:26:00,357|[TRACE] BasicExtractor - extracted value ([emplyee_2_1_0_] : [INTEGER]) - [4321]
2021-04-18T22:26:00,357|[TRACE] BasicExtractor - extracted value ([establis3_1_0_] : [TIMESTAMP]) - [1111-11-11 11:11:11.0]
2021-04-18T22:26:00,357|[TRACE] BasicExtractor - extracted value ([name4_1_0_] : [VARCHAR]) - [Junit 5 Test]
2021-04-18T22:26:00,357|[TRACE] BasicExtractor - extracted value ([owner6_1_0_] : [INTEGER]) - [null]
2021-04-18T22:26:00,357|[TRACE] BasicExtractor - extracted value ([privatel5_1_0_] : [BOOLEAN]) - [true]
2021-04-18T22:26:00,357|[DEBUG] SQL - 
    /* delete entity.BloodBank */ delete 
        from
            simplebloodbank.blood_bank 
        where
            bank_id=?
2021-04-18T22:26:00,357|[TRACE] BasicBinder - binding parameter [1] as [INTEGER] - [5]
]]></system-out>
    <system-err><![CDATA[Apr. 18, 2021 10:26:00 P.M. dal.GenericDAL lambda$setParameters$0
INFO: setParameters: name=TestCreateEntity
]]></system-err>
  </testcase>
  <testcase name="testCreateEntityBadLengthValues" classname="logic.BloodBankLogicTest" time="0.01">
    <system-out><![CDATA[2021-04-18T22:26:00,357|[DEBUG] EMFactory - getting EntityManagerFactory
2021-04-18T22:26:00,357|[DEBUG] EMFactory - initializeing EntityManagerFactory
2021-04-18T22:26:00,357|[DEBUG] SQL - 
    /* load entity.BloodBank */ select
        bloodbank0_.bank_id as bank_id1_1_0_,
        bloodbank0_.emplyee_count as emplyee_2_1_0_,
        bloodbank0_.established as establis3_1_0_,
        bloodbank0_.name as name4_1_0_,
        bloodbank0_.owner as owner6_1_0_,
        bloodbank0_.privately_owned as privatel5_1_0_ 
    from
        simplebloodbank.blood_bank bloodbank0_ 
    where
        bloodbank0_.bank_id=?
2021-04-18T22:26:00,357|[TRACE] BasicBinder - binding parameter [1] as [INTEGER] - [1]
2021-04-18T22:26:00,357|[DEBUG] SQL - 
    /* insert entity.BloodBank
        */ insert 
        into
            simplebloodbank.blood_bank
            (emplyee_count, established, name, owner, privately_owned) 
        values
            (?, ?, ?, ?, ?)
2021-04-18T22:26:00,357|[TRACE] BasicBinder - binding parameter [1] as [INTEGER] - [4321]
2021-04-18T22:26:00,357|[TRACE] BasicBinder - binding parameter [2] as [TIMESTAMP] - [Sat Nov 11 11:11:11 EST 1111]
2021-04-18T22:26:00,357|[TRACE] BasicBinder - binding parameter [3] as [VARCHAR] - [Junit 5 Test]
2021-04-18T22:26:00,357|[TRACE] BasicBinder - binding parameter [4] as [INTEGER] - [null]
2021-04-18T22:26:00,357|[TRACE] BasicBinder - binding parameter [5] as [BOOLEAN] - [true]
{employee_count=[Ljava.lang.String;@70700265, established=[Ljava.lang.String;@766b43bd, privately_owned=[Ljava.lang.String;@3b3eeb5e, bank_id=[Ljava.lang.String;@605b130a, name=[Ljava.lang.String;@1048564e}
{employee_count=[Ljava.lang.String;@70700265, established=[Ljava.lang.String;@766b43bd, privately_owned=[Ljava.lang.String;@3b3eeb5e, bank_id=[Ljava.lang.String;@70bae186, name=[Ljava.lang.String;@1048564e}
{employee_count=[Ljava.lang.String;@1a69aaa8, established=[Ljava.lang.String;@329970b5, privately_owned=[Ljava.lang.String;@150811b1, bank_id=[Ljava.lang.String;@56749377, name=[Ljava.lang.String;@11f4ffb}
{employee_count=[Ljava.lang.String;@82735f2, established=[Ljava.lang.String;@329970b5, privately_owned=[Ljava.lang.String;@150811b1, bank_id=[Ljava.lang.String;@56749377, name=[Ljava.lang.String;@11f4ffb}
{employee_count=[Ljava.lang.String;@14a9a120, established=[Ljava.lang.String;@55eb1d69, privately_owned=[Ljava.lang.String;@64d23a83, bank_id=[Ljava.lang.String;@1302b347, name=[Ljava.lang.String;@4a7bb0a6}
{employee_count=[Ljava.lang.String;@14a9a120, established=[Ljava.lang.String;@3205c09a, privately_owned=[Ljava.lang.String;@64d23a83, bank_id=[Ljava.lang.String;@1302b347, name=[Ljava.lang.String;@4a7bb0a6}
{employee_count=[Ljava.lang.String;@2372ada3, established=[Ljava.lang.String;@53927d4c, privately_owned=[Ljava.lang.String;@4f0f76b4, bank_id=[Ljava.lang.String;@25d6b936, name=[Ljava.lang.String;@13ff179a}
{employee_count=[Ljava.lang.String;@2372ada3, established=[Ljava.lang.String;@53927d4c, privately_owned=[Ljava.lang.String;@4f0f76b4, bank_id=[Ljava.lang.String;@25d6b936, name=[Ljava.lang.String;@674916ae}
2021-04-18T22:26:00,367|[DEBUG] EMFactory - getting EntityManagerFactory
2021-04-18T22:26:00,367|[DEBUG] EMFactory - initializeing EntityManagerFactory
2021-04-18T22:26:00,367|[DEBUG] SQL - 
    /* load entity.BloodBank */ select
        bloodbank0_.bank_id as bank_id1_1_0_,
        bloodbank0_.emplyee_count as emplyee_2_1_0_,
        bloodbank0_.established as establis3_1_0_,
        bloodbank0_.name as name4_1_0_,
        bloodbank0_.owner as owner6_1_0_,
        bloodbank0_.privately_owned as privatel5_1_0_ 
    from
        simplebloodbank.blood_bank bloodbank0_ 
    where
        bloodbank0_.bank_id=?
2021-04-18T22:26:00,367|[TRACE] BasicBinder - binding parameter [1] as [INTEGER] - [7]
2021-04-18T22:26:00,367|[TRACE] BasicExtractor - extracted value ([emplyee_2_1_0_] : [INTEGER]) - [4321]
2021-04-18T22:26:00,367|[TRACE] BasicExtractor - extracted value ([establis3_1_0_] : [TIMESTAMP]) - [1111-11-11 11:11:11.0]
2021-04-18T22:26:00,367|[TRACE] BasicExtractor - extracted value ([name4_1_0_] : [VARCHAR]) - [Junit 5 Test]
2021-04-18T22:26:00,367|[TRACE] BasicExtractor - extracted value ([owner6_1_0_] : [INTEGER]) - [null]
2021-04-18T22:26:00,367|[TRACE] BasicExtractor - extracted value ([privatel5_1_0_] : [BOOLEAN]) - [true]
2021-04-18T22:26:00,367|[DEBUG] SQL - 
    /* delete entity.BloodBank */ delete 
        from
            simplebloodbank.blood_bank 
        where
            bank_id=?
2021-04-18T22:26:00,367|[TRACE] BasicBinder - binding parameter [1] as [INTEGER] - [7]
]]></system-out>
  </testcase>
  <testcase name="testGetBloodBankWithName" classname="logic.BloodBankLogicTest" time="0.032">
    <system-out><![CDATA[2021-04-18T22:26:00,375|[DEBUG] EMFactory - getting EntityManagerFactory
2021-04-18T22:26:00,375|[DEBUG] EMFactory - initializeing EntityManagerFactory
2021-04-18T22:26:00,375|[DEBUG] SQL - 
    /* load entity.BloodBank */ select
        bloodbank0_.bank_id as bank_id1_1_0_,
        bloodbank0_.emplyee_count as emplyee_2_1_0_,
        bloodbank0_.established as establis3_1_0_,
        bloodbank0_.name as name4_1_0_,
        bloodbank0_.owner as owner6_1_0_,
        bloodbank0_.privately_owned as privatel5_1_0_ 
    from
        simplebloodbank.blood_bank bloodbank0_ 
    where
        bloodbank0_.bank_id=?
2021-04-18T22:26:00,375|[TRACE] BasicBinder - binding parameter [1] as [INTEGER] - [1]
2021-04-18T22:26:00,377|[DEBUG] SQL - 
    /* insert entity.BloodBank
        */ insert 
        into
            simplebloodbank.blood_bank
            (emplyee_count, established, name, owner, privately_owned) 
        values
            (?, ?, ?, ?, ?)
2021-04-18T22:26:00,377|[TRACE] BasicBinder - binding parameter [1] as [INTEGER] - [4321]
2021-04-18T22:26:00,377|[TRACE] BasicBinder - binding parameter [2] as [TIMESTAMP] - [Sat Nov 11 11:11:11 EST 1111]
2021-04-18T22:26:00,377|[TRACE] BasicBinder - binding parameter [3] as [VARCHAR] - [Junit 5 Test]
2021-04-18T22:26:00,377|[TRACE] BasicBinder - binding parameter [4] as [INTEGER] - [null]
2021-04-18T22:26:00,377|[TRACE] BasicBinder - binding parameter [5] as [BOOLEAN] - [true]
2021-04-18T22:26:00,387|[DEBUG] EMFactory - getting EntityManagerFactory
2021-04-18T22:26:00,387|[DEBUG] EMFactory - initializeing EntityManagerFactory
2021-04-18T22:26:00,387|[DEBUG] SQL - 
    /* BloodBank.findByName */ select
        bloodbank0_.bank_id as bank_id1_1_,
        bloodbank0_.emplyee_count as emplyee_2_1_,
        bloodbank0_.established as establis3_1_,
        bloodbank0_.name as name4_1_,
        bloodbank0_.owner as owner6_1_,
        bloodbank0_.privately_owned as privatel5_1_ 
    from
        simplebloodbank.blood_bank bloodbank0_ 
    where
        bloodbank0_.name=?
2021-04-18T22:26:00,387|[TRACE] BasicBinder - binding parameter [1] as [VARCHAR] - [Junit 5 Test]
2021-04-18T22:26:00,387|[TRACE] BasicExtractor - extracted value ([bank_id1_1_] : [INTEGER]) - [8]
2021-04-18T22:26:00,387|[TRACE] BasicExtractor - extracted value ([emplyee_2_1_] : [INTEGER]) - [4321]
2021-04-18T22:26:00,387|[TRACE] BasicExtractor - extracted value ([establis3_1_] : [TIMESTAMP]) - [1111-11-11 11:11:11.0]
2021-04-18T22:26:00,395|[TRACE] BasicExtractor - extracted value ([name4_1_] : [VARCHAR]) - [Junit 5 Test]
2021-04-18T22:26:00,395|[TRACE] BasicExtractor - extracted value ([owner6_1_] : [INTEGER]) - [null]
2021-04-18T22:26:00,395|[TRACE] BasicExtractor - extracted value ([privatel5_1_] : [BOOLEAN]) - [true]
2021-04-18T22:26:00,395|[DEBUG] EMFactory - getting EntityManagerFactory
2021-04-18T22:26:00,395|[DEBUG] EMFactory - initializeing EntityManagerFactory
2021-04-18T22:26:00,407|[DEBUG] SQL - 
    /* load entity.BloodBank */ select
        bloodbank0_.bank_id as bank_id1_1_0_,
        bloodbank0_.emplyee_count as emplyee_2_1_0_,
        bloodbank0_.established as establis3_1_0_,
        bloodbank0_.name as name4_1_0_,
        bloodbank0_.owner as owner6_1_0_,
        bloodbank0_.privately_owned as privatel5_1_0_ 
    from
        simplebloodbank.blood_bank bloodbank0_ 
    where
        bloodbank0_.bank_id=?
2021-04-18T22:26:00,407|[TRACE] BasicBinder - binding parameter [1] as [INTEGER] - [8]
2021-04-18T22:26:00,407|[TRACE] BasicExtractor - extracted value ([emplyee_2_1_0_] : [INTEGER]) - [4321]
2021-04-18T22:26:00,407|[TRACE] BasicExtractor - extracted value ([establis3_1_0_] : [TIMESTAMP]) - [1111-11-11 11:11:11.0]
2021-04-18T22:26:00,407|[TRACE] BasicExtractor - extracted value ([name4_1_0_] : [VARCHAR]) - [Junit 5 Test]
2021-04-18T22:26:00,407|[TRACE] BasicExtractor - extracted value ([owner6_1_0_] : [INTEGER]) - [null]
2021-04-18T22:26:00,407|[TRACE] BasicExtractor - extracted value ([privatel5_1_0_] : [BOOLEAN]) - [true]
2021-04-18T22:26:00,407|[DEBUG] SQL - 
    /* delete entity.BloodBank */ delete 
        from
            simplebloodbank.blood_bank 
        where
            bank_id=?
2021-04-18T22:26:00,407|[TRACE] BasicBinder - binding parameter [1] as [INTEGER] - [8]
]]></system-out>
    <system-err><![CDATA[Apr. 18, 2021 10:26:00 P.M. dal.GenericDAL lambda$setParameters$0
INFO: setParameters: name=Junit 5 Test
]]></system-err>
  </testcase>
  <testcase name="testCreateEntityEdgeValues" classname="logic.BloodBankLogicTest" time="0.01">
    <system-out><![CDATA[2021-04-18T22:26:00,407|[DEBUG] EMFactory - getting EntityManagerFactory
2021-04-18T22:26:00,407|[DEBUG] EMFactory - initializeing EntityManagerFactory
2021-04-18T22:26:00,407|[DEBUG] SQL - 
    /* load entity.BloodBank */ select
        bloodbank0_.bank_id as bank_id1_1_0_,
        bloodbank0_.emplyee_count as emplyee_2_1_0_,
        bloodbank0_.established as establis3_1_0_,
        bloodbank0_.name as name4_1_0_,
        bloodbank0_.owner as owner6_1_0_,
        bloodbank0_.privately_owned as privatel5_1_0_ 
    from
        simplebloodbank.blood_bank bloodbank0_ 
    where
        bloodbank0_.bank_id=?
2021-04-18T22:26:00,407|[TRACE] BasicBinder - binding parameter [1] as [INTEGER] - [1]
2021-04-18T22:26:00,407|[DEBUG] SQL - 
    /* insert entity.BloodBank
        */ insert 
        into
            simplebloodbank.blood_bank
            (emplyee_count, established, name, owner, privately_owned) 
        values
            (?, ?, ?, ?, ?)
2021-04-18T22:26:00,407|[TRACE] BasicBinder - binding parameter [1] as [INTEGER] - [4321]
2021-04-18T22:26:00,407|[TRACE] BasicBinder - binding parameter [2] as [TIMESTAMP] - [Sat Nov 11 11:11:11 EST 1111]
2021-04-18T22:26:00,407|[TRACE] BasicBinder - binding parameter [3] as [VARCHAR] - [Junit 5 Test]
2021-04-18T22:26:00,407|[TRACE] BasicBinder - binding parameter [4] as [INTEGER] - [null]
2021-04-18T22:26:00,407|[TRACE] BasicBinder - binding parameter [5] as [BOOLEAN] - [true]
{established=[Ljava.lang.String;@f3bea57, employee_count=[Ljava.lang.String;@78ee1819, privately_owned=[Ljava.lang.String;@3956ae6e, bank_id=[Ljava.lang.String;@39640f7b, name=[Ljava.lang.String;@69dd3352}
{established=[Ljava.lang.String;@61fbd0a0, employee_count=[Ljava.lang.String;@6dd2372f, privately_owned=[Ljava.lang.String;@74d4e239, bank_id=[Ljava.lang.String;@74931852, name=[Ljava.lang.String;@4bd2a8b0}
2021-04-18T22:26:00,417|[DEBUG] EMFactory - getting EntityManagerFactory
2021-04-18T22:26:00,417|[DEBUG] EMFactory - initializeing EntityManagerFactory
2021-04-18T22:26:00,417|[DEBUG] SQL - 
    /* load entity.BloodBank */ select
        bloodbank0_.bank_id as bank_id1_1_0_,
        bloodbank0_.emplyee_count as emplyee_2_1_0_,
        bloodbank0_.established as establis3_1_0_,
        bloodbank0_.name as name4_1_0_,
        bloodbank0_.owner as owner6_1_0_,
        bloodbank0_.privately_owned as privatel5_1_0_ 
    from
        simplebloodbank.blood_bank bloodbank0_ 
    where
        bloodbank0_.bank_id=?
2021-04-18T22:26:00,417|[TRACE] BasicBinder - binding parameter [1] as [INTEGER] - [9]
2021-04-18T22:26:00,417|[TRACE] BasicExtractor - extracted value ([emplyee_2_1_0_] : [INTEGER]) - [4321]
2021-04-18T22:26:00,417|[TRACE] BasicExtractor - extracted value ([establis3_1_0_] : [TIMESTAMP]) - [1111-11-11 11:11:11.0]
2021-04-18T22:26:00,417|[TRACE] BasicExtractor - extracted value ([name4_1_0_] : [VARCHAR]) - [Junit 5 Test]
2021-04-18T22:26:00,417|[TRACE] BasicExtractor - extracted value ([owner6_1_0_] : [INTEGER]) - [null]
2021-04-18T22:26:00,417|[TRACE] BasicExtractor - extracted value ([privatel5_1_0_] : [BOOLEAN]) - [true]
2021-04-18T22:26:00,417|[DEBUG] SQL - 
    /* delete entity.BloodBank */ delete 
        from
            simplebloodbank.blood_bank 
        where
            bank_id=?
2021-04-18T22:26:00,417|[TRACE] BasicBinder - binding parameter [1] as [INTEGER] - [9]
]]></system-out>
  </testcase>
  <testcase name="testGetAll" classname="logic.BloodBankLogicTest" time="0.041">
    <system-out><![CDATA[2021-04-18T22:26:00,417|[DEBUG] EMFactory - getting EntityManagerFactory
2021-04-18T22:26:00,417|[DEBUG] EMFactory - initializeing EntityManagerFactory
2021-04-18T22:26:00,426|[DEBUG] SQL - 
    /* load entity.BloodBank */ select
        bloodbank0_.bank_id as bank_id1_1_0_,
        bloodbank0_.emplyee_count as emplyee_2_1_0_,
        bloodbank0_.established as establis3_1_0_,
        bloodbank0_.name as name4_1_0_,
        bloodbank0_.owner as owner6_1_0_,
        bloodbank0_.privately_owned as privatel5_1_0_ 
    from
        simplebloodbank.blood_bank bloodbank0_ 
    where
        bloodbank0_.bank_id=?
2021-04-18T22:26:00,426|[TRACE] BasicBinder - binding parameter [1] as [INTEGER] - [1]
2021-04-18T22:26:00,426|[DEBUG] SQL - 
    /* insert entity.BloodBank
        */ insert 
        into
            simplebloodbank.blood_bank
            (emplyee_count, established, name, owner, privately_owned) 
        values
            (?, ?, ?, ?, ?)
2021-04-18T22:26:00,426|[TRACE] BasicBinder - binding parameter [1] as [INTEGER] - [4321]
2021-04-18T22:26:00,426|[TRACE] BasicBinder - binding parameter [2] as [TIMESTAMP] - [Sat Nov 11 11:11:11 EST 1111]
2021-04-18T22:26:00,426|[TRACE] BasicBinder - binding parameter [3] as [VARCHAR] - [Junit 5 Test]
2021-04-18T22:26:00,426|[TRACE] BasicBinder - binding parameter [4] as [INTEGER] - [null]
2021-04-18T22:26:00,426|[TRACE] BasicBinder - binding parameter [5] as [BOOLEAN] - [true]
2021-04-18T22:26:00,428|[DEBUG] EMFactory - getting EntityManagerFactory
2021-04-18T22:26:00,428|[DEBUG] EMFactory - initializeing EntityManagerFactory
2021-04-18T22:26:00,428|[DEBUG] SQL - 
    /* BloodBank.findAll */ select
        bloodbank0_.bank_id as bank_id1_1_,
        bloodbank0_.emplyee_count as emplyee_2_1_,
        bloodbank0_.established as establis3_1_,
        bloodbank0_.name as name4_1_,
        bloodbank0_.owner as owner6_1_,
        bloodbank0_.privately_owned as privatel5_1_ 
    from
        simplebloodbank.blood_bank bloodbank0_
2021-04-18T22:26:00,428|[TRACE] BasicExtractor - extracted value ([bank_id1_1_] : [INTEGER]) - [10]
2021-04-18T22:26:00,428|[TRACE] BasicExtractor - extracted value ([emplyee_2_1_] : [INTEGER]) - [4321]
2021-04-18T22:26:00,428|[TRACE] BasicExtractor - extracted value ([establis3_1_] : [TIMESTAMP]) - [1111-11-11 11:11:11.0]
2021-04-18T22:26:00,428|[TRACE] BasicExtractor - extracted value ([name4_1_] : [VARCHAR]) - [Junit 5 Test]
2021-04-18T22:26:00,428|[TRACE] BasicExtractor - extracted value ([owner6_1_] : [INTEGER]) - [null]
2021-04-18T22:26:00,428|[TRACE] BasicExtractor - extracted value ([privatel5_1_] : [BOOLEAN]) - [true]
2021-04-18T22:26:00,428|[DEBUG] EMFactory - getting EntityManagerFactory
2021-04-18T22:26:00,428|[DEBUG] EMFactory - initializeing EntityManagerFactory
2021-04-18T22:26:00,438|[DEBUG] SQL - 
    /* load entity.BloodBank */ select
        bloodbank0_.bank_id as bank_id1_1_0_,
        bloodbank0_.emplyee_count as emplyee_2_1_0_,
        bloodbank0_.established as establis3_1_0_,
        bloodbank0_.name as name4_1_0_,
        bloodbank0_.owner as owner6_1_0_,
        bloodbank0_.privately_owned as privatel5_1_0_ 
    from
        simplebloodbank.blood_bank bloodbank0_ 
    where
        bloodbank0_.bank_id=?
2021-04-18T22:26:00,438|[TRACE] BasicBinder - binding parameter [1] as [INTEGER] - [10]
2021-04-18T22:26:00,438|[TRACE] BasicExtractor - extracted value ([emplyee_2_1_0_] : [INTEGER]) - [4321]
2021-04-18T22:26:00,438|[TRACE] BasicExtractor - extracted value ([establis3_1_0_] : [TIMESTAMP]) - [1111-11-11 11:11:11.0]
2021-04-18T22:26:00,438|[TRACE] BasicExtractor - extracted value ([name4_1_0_] : [VARCHAR]) - [Junit 5 Test]
2021-04-18T22:26:00,438|[TRACE] BasicExtractor - extracted value ([owner6_1_0_] : [INTEGER]) - [null]
2021-04-18T22:26:00,438|[TRACE] BasicExtractor - extracted value ([privatel5_1_0_] : [BOOLEAN]) - [true]
2021-04-18T22:26:00,438|[DEBUG] SQL - 
    /* delete entity.BloodBank */ delete 
        from
            simplebloodbank.blood_bank 
        where
            bank_id=?
2021-04-18T22:26:00,438|[TRACE] BasicBinder - binding parameter [1] as [INTEGER] - [10]
2021-04-18T22:26:00,446|[DEBUG] EMFactory - getting EntityManagerFactory
2021-04-18T22:26:00,446|[DEBUG] EMFactory - initializeing EntityManagerFactory
2021-04-18T22:26:00,446|[DEBUG] SQL - 
    /* BloodBank.findAll */ select
        bloodbank0_.bank_id as bank_id1_1_,
        bloodbank0_.emplyee_count as emplyee_2_1_,
        bloodbank0_.established as establis3_1_,
        bloodbank0_.name as name4_1_,
        bloodbank0_.owner as owner6_1_,
        bloodbank0_.privately_owned as privatel5_1_ 
    from
        simplebloodbank.blood_bank bloodbank0_
2021-04-18T22:26:00,446|[DEBUG] EMFactory - getting EntityManagerFactory
2021-04-18T22:26:00,446|[DEBUG] EMFactory - initializeing EntityManagerFactory
2021-04-18T22:26:00,458|[DEBUG] SQL - 
    /* load entity.BloodBank */ select
        bloodbank0_.bank_id as bank_id1_1_0_,
        bloodbank0_.emplyee_count as emplyee_2_1_0_,
        bloodbank0_.established as establis3_1_0_,
        bloodbank0_.name as name4_1_0_,
        bloodbank0_.owner as owner6_1_0_,
        bloodbank0_.privately_owned as privatel5_1_0_ 
    from
        simplebloodbank.blood_bank bloodbank0_ 
    where
        bloodbank0_.bank_id=?
2021-04-18T22:26:00,458|[TRACE] BasicBinder - binding parameter [1] as [INTEGER] - [10]
2021-04-18T22:26:00,458|[DEBUG] SQL - 
    /* insert entity.BloodBank
        */ insert 
        into
            simplebloodbank.blood_bank
            (emplyee_count, established, name, owner, privately_owned) 
        values
            (?, ?, ?, ?, ?)
2021-04-18T22:26:00,458|[TRACE] BasicBinder - binding parameter [1] as [INTEGER] - [4321]
2021-04-18T22:26:00,458|[TRACE] BasicBinder - binding parameter [2] as [TIMESTAMP] - [Sat Nov 11 11:11:11 EST 1111]
2021-04-18T22:26:00,458|[TRACE] BasicBinder - binding parameter [3] as [VARCHAR] - [Junit 5 Test]
2021-04-18T22:26:00,458|[TRACE] BasicBinder - binding parameter [4] as [INTEGER] - [null]
2021-04-18T22:26:00,458|[TRACE] BasicBinder - binding parameter [5] as [BOOLEAN] - [true]
2021-04-18T22:26:00,458|[DEBUG] SQL - 
    /* delete entity.BloodBank */ delete 
        from
            simplebloodbank.blood_bank 
        where
            bank_id=?
2021-04-18T22:26:00,458|[TRACE] BasicBinder - binding parameter [1] as [INTEGER] - [11]
]]></system-out>
  </testcase>
  <testcase name="testGetColumnCodes" classname="logic.BloodBankLogicTest" time="0.01">
    <system-out><![CDATA[2021-04-18T22:26:00,458|[DEBUG] EMFactory - getting EntityManagerFactory
2021-04-18T22:26:00,458|[DEBUG] EMFactory - initializeing EntityManagerFactory
2021-04-18T22:26:00,458|[DEBUG] SQL - 
    /* load entity.BloodBank */ select
        bloodbank0_.bank_id as bank_id1_1_0_,
        bloodbank0_.emplyee_count as emplyee_2_1_0_,
        bloodbank0_.established as establis3_1_0_,
        bloodbank0_.name as name4_1_0_,
        bloodbank0_.owner as owner6_1_0_,
        bloodbank0_.privately_owned as privatel5_1_0_ 
    from
        simplebloodbank.blood_bank bloodbank0_ 
    where
        bloodbank0_.bank_id=?
2021-04-18T22:26:00,458|[TRACE] BasicBinder - binding parameter [1] as [INTEGER] - [1]
2021-04-18T22:26:00,458|[DEBUG] SQL - 
    /* insert entity.BloodBank
        */ insert 
        into
            simplebloodbank.blood_bank
            (emplyee_count, established, name, owner, privately_owned) 
        values
            (?, ?, ?, ?, ?)
2021-04-18T22:26:00,458|[TRACE] BasicBinder - binding parameter [1] as [INTEGER] - [4321]
2021-04-18T22:26:00,466|[TRACE] BasicBinder - binding parameter [2] as [TIMESTAMP] - [Sat Nov 11 11:11:11 EST 1111]
2021-04-18T22:26:00,466|[TRACE] BasicBinder - binding parameter [3] as [VARCHAR] - [Junit 5 Test]
2021-04-18T22:26:00,466|[TRACE] BasicBinder - binding parameter [4] as [INTEGER] - [null]
2021-04-18T22:26:00,466|[TRACE] BasicBinder - binding parameter [5] as [BOOLEAN] - [true]
2021-04-18T22:26:00,468|[DEBUG] EMFactory - getting EntityManagerFactory
2021-04-18T22:26:00,468|[DEBUG] EMFactory - initializeing EntityManagerFactory
2021-04-18T22:26:00,468|[DEBUG] SQL - 
    /* load entity.BloodBank */ select
        bloodbank0_.bank_id as bank_id1_1_0_,
        bloodbank0_.emplyee_count as emplyee_2_1_0_,
        bloodbank0_.established as establis3_1_0_,
        bloodbank0_.name as name4_1_0_,
        bloodbank0_.owner as owner6_1_0_,
        bloodbank0_.privately_owned as privatel5_1_0_ 
    from
        simplebloodbank.blood_bank bloodbank0_ 
    where
        bloodbank0_.bank_id=?
2021-04-18T22:26:00,468|[TRACE] BasicBinder - binding parameter [1] as [INTEGER] - [12]
2021-04-18T22:26:00,468|[TRACE] BasicExtractor - extracted value ([emplyee_2_1_0_] : [INTEGER]) - [4321]
2021-04-18T22:26:00,468|[TRACE] BasicExtractor - extracted value ([establis3_1_0_] : [TIMESTAMP]) - [1111-11-11 11:11:11.0]
2021-04-18T22:26:00,468|[TRACE] BasicExtractor - extracted value ([name4_1_0_] : [VARCHAR]) - [Junit 5 Test]
2021-04-18T22:26:00,468|[TRACE] BasicExtractor - extracted value ([owner6_1_0_] : [INTEGER]) - [null]
2021-04-18T22:26:00,468|[TRACE] BasicExtractor - extracted value ([privatel5_1_0_] : [BOOLEAN]) - [true]
2021-04-18T22:26:00,468|[DEBUG] SQL - 
    /* delete entity.BloodBank */ delete 
        from
            simplebloodbank.blood_bank 
        where
            bank_id=?
2021-04-18T22:26:00,468|[TRACE] BasicBinder - binding parameter [1] as [INTEGER] - [12]
]]></system-out>
  </testcase>
  <testcase name="testGetColumnNames" classname="logic.BloodBankLogicTest" time="0.01">
    <system-out><![CDATA[2021-04-18T22:26:00,468|[DEBUG] EMFactory - getting EntityManagerFactory
2021-04-18T22:26:00,468|[DEBUG] EMFactory - initializeing EntityManagerFactory
2021-04-18T22:26:00,468|[DEBUG] SQL - 
    /* load entity.BloodBank */ select
        bloodbank0_.bank_id as bank_id1_1_0_,
        bloodbank0_.emplyee_count as emplyee_2_1_0_,
        bloodbank0_.established as establis3_1_0_,
        bloodbank0_.name as name4_1_0_,
        bloodbank0_.owner as owner6_1_0_,
        bloodbank0_.privately_owned as privatel5_1_0_ 
    from
        simplebloodbank.blood_bank bloodbank0_ 
    where
        bloodbank0_.bank_id=?
2021-04-18T22:26:00,468|[TRACE] BasicBinder - binding parameter [1] as [INTEGER] - [1]
2021-04-18T22:26:00,476|[DEBUG] SQL - 
    /* insert entity.BloodBank
        */ insert 
        into
            simplebloodbank.blood_bank
            (emplyee_count, established, name, owner, privately_owned) 
        values
            (?, ?, ?, ?, ?)
2021-04-18T22:26:00,476|[TRACE] BasicBinder - binding parameter [1] as [INTEGER] - [4321]
2021-04-18T22:26:00,476|[TRACE] BasicBinder - binding parameter [2] as [TIMESTAMP] - [Sat Nov 11 11:11:11 EST 1111]
2021-04-18T22:26:00,476|[TRACE] BasicBinder - binding parameter [3] as [VARCHAR] - [Junit 5 Test]
2021-04-18T22:26:00,476|[TRACE] BasicBinder - binding parameter [4] as [INTEGER] - [null]
2021-04-18T22:26:00,476|[TRACE] BasicBinder - binding parameter [5] as [BOOLEAN] - [true]
2021-04-18T22:26:00,478|[DEBUG] EMFactory - getting EntityManagerFactory
2021-04-18T22:26:00,478|[DEBUG] EMFactory - initializeing EntityManagerFactory
2021-04-18T22:26:00,478|[DEBUG] SQL - 
    /* load entity.BloodBank */ select
        bloodbank0_.bank_id as bank_id1_1_0_,
        bloodbank0_.emplyee_count as emplyee_2_1_0_,
        bloodbank0_.established as establis3_1_0_,
        bloodbank0_.name as name4_1_0_,
        bloodbank0_.owner as owner6_1_0_,
        bloodbank0_.privately_owned as privatel5_1_0_ 
    from
        simplebloodbank.blood_bank bloodbank0_ 
    where
        bloodbank0_.bank_id=?
2021-04-18T22:26:00,478|[TRACE] BasicBinder - binding parameter [1] as [INTEGER] - [13]
2021-04-18T22:26:00,478|[TRACE] BasicExtractor - extracted value ([emplyee_2_1_0_] : [INTEGER]) - [4321]
2021-04-18T22:26:00,478|[TRACE] BasicExtractor - extracted value ([establis3_1_0_] : [TIMESTAMP]) - [1111-11-11 11:11:11.0]
2021-04-18T22:26:00,478|[TRACE] BasicExtractor - extracted value ([name4_1_0_] : [VARCHAR]) - [Junit 5 Test]
2021-04-18T22:26:00,478|[TRACE] BasicExtractor - extracted value ([owner6_1_0_] : [INTEGER]) - [null]
2021-04-18T22:26:00,478|[TRACE] BasicExtractor - extracted value ([privatel5_1_0_] : [BOOLEAN]) - [true]
2021-04-18T22:26:00,478|[DEBUG] SQL - 
    /* delete entity.BloodBank */ delete 
        from
            simplebloodbank.blood_bank 
        where
            bank_id=?
2021-04-18T22:26:00,478|[TRACE] BasicBinder - binding parameter [1] as [INTEGER] - [13]
]]></system-out>
  </testcase>
  <testcase name="testGetWithId" classname="logic.BloodBankLogicTest" time="0.02">
    <system-out><![CDATA[2021-04-18T22:26:00,478|[DEBUG] EMFactory - getting EntityManagerFactory
2021-04-18T22:26:00,478|[DEBUG] EMFactory - initializeing EntityManagerFactory
2021-04-18T22:26:00,478|[DEBUG] SQL - 
    /* load entity.BloodBank */ select
        bloodbank0_.bank_id as bank_id1_1_0_,
        bloodbank0_.emplyee_count as emplyee_2_1_0_,
        bloodbank0_.established as establis3_1_0_,
        bloodbank0_.name as name4_1_0_,
        bloodbank0_.owner as owner6_1_0_,
        bloodbank0_.privately_owned as privatel5_1_0_ 
    from
        simplebloodbank.blood_bank bloodbank0_ 
    where
        bloodbank0_.bank_id=?
2021-04-18T22:26:00,478|[TRACE] BasicBinder - binding parameter [1] as [INTEGER] - [1]
2021-04-18T22:26:00,478|[DEBUG] SQL - 
    /* insert entity.BloodBank
        */ insert 
        into
            simplebloodbank.blood_bank
            (emplyee_count, established, name, owner, privately_owned) 
        values
            (?, ?, ?, ?, ?)
2021-04-18T22:26:00,478|[TRACE] BasicBinder - binding parameter [1] as [INTEGER] - [4321]
2021-04-18T22:26:00,478|[TRACE] BasicBinder - binding parameter [2] as [TIMESTAMP] - [Sat Nov 11 11:11:11 EST 1111]
2021-04-18T22:26:00,478|[TRACE] BasicBinder - binding parameter [3] as [VARCHAR] - [Junit 5 Test]
2021-04-18T22:26:00,478|[TRACE] BasicBinder - binding parameter [4] as [INTEGER] - [null]
2021-04-18T22:26:00,478|[TRACE] BasicBinder - binding parameter [5] as [BOOLEAN] - [true]
2021-04-18T22:26:00,486|[DEBUG] EMFactory - getting EntityManagerFactory
2021-04-18T22:26:00,486|[DEBUG] EMFactory - initializeing EntityManagerFactory
2021-04-18T22:26:00,486|[DEBUG] SQL - 
    /* BloodBank.findByName */ select
        bloodbank0_.bank_id as bank_id1_1_,
        bloodbank0_.emplyee_count as emplyee_2_1_,
        bloodbank0_.established as establis3_1_,
        bloodbank0_.name as name4_1_,
        bloodbank0_.owner as owner6_1_,
        bloodbank0_.privately_owned as privatel5_1_ 
    from
        simplebloodbank.blood_bank bloodbank0_ 
    where
        bloodbank0_.name=?
2021-04-18T22:26:00,486|[TRACE] BasicBinder - binding parameter [1] as [VARCHAR] - [Junit 5 Test]
2021-04-18T22:26:00,486|[TRACE] BasicExtractor - extracted value ([bank_id1_1_] : [INTEGER]) - [14]
2021-04-18T22:26:00,486|[TRACE] BasicExtractor - extracted value ([emplyee_2_1_] : [INTEGER]) - [4321]
2021-04-18T22:26:00,486|[TRACE] BasicExtractor - extracted value ([establis3_1_] : [TIMESTAMP]) - [1111-11-11 11:11:11.0]
2021-04-18T22:26:00,486|[TRACE] BasicExtractor - extracted value ([name4_1_] : [VARCHAR]) - [Junit 5 Test]
2021-04-18T22:26:00,486|[TRACE] BasicExtractor - extracted value ([owner6_1_] : [INTEGER]) - [null]
2021-04-18T22:26:00,486|[TRACE] BasicExtractor - extracted value ([privatel5_1_] : [BOOLEAN]) - [true]
2021-04-18T22:26:00,486|[DEBUG] EMFactory - getting EntityManagerFactory
2021-04-18T22:26:00,486|[DEBUG] EMFactory - initializeing EntityManagerFactory
2021-04-18T22:26:00,498|[DEBUG] SQL - 
    /* load entity.BloodBank */ select
        bloodbank0_.bank_id as bank_id1_1_0_,
        bloodbank0_.emplyee_count as emplyee_2_1_0_,
        bloodbank0_.established as establis3_1_0_,
        bloodbank0_.name as name4_1_0_,
        bloodbank0_.owner as owner6_1_0_,
        bloodbank0_.privately_owned as privatel5_1_0_ 
    from
        simplebloodbank.blood_bank bloodbank0_ 
    where
        bloodbank0_.bank_id=?
2021-04-18T22:26:00,498|[TRACE] BasicBinder - binding parameter [1] as [INTEGER] - [14]
2021-04-18T22:26:00,498|[TRACE] BasicExtractor - extracted value ([emplyee_2_1_0_] : [INTEGER]) - [4321]
2021-04-18T22:26:00,498|[TRACE] BasicExtractor - extracted value ([establis3_1_0_] : [TIMESTAMP]) - [1111-11-11 11:11:11.0]
2021-04-18T22:26:00,498|[TRACE] BasicExtractor - extracted value ([name4_1_0_] : [VARCHAR]) - [Junit 5 Test]
2021-04-18T22:26:00,498|[TRACE] BasicExtractor - extracted value ([owner6_1_0_] : [INTEGER]) - [null]
2021-04-18T22:26:00,498|[TRACE] BasicExtractor - extracted value ([privatel5_1_0_] : [BOOLEAN]) - [true]
2021-04-18T22:26:00,498|[DEBUG] SQL - 
    /* delete entity.BloodBank */ delete 
        from
            simplebloodbank.blood_bank 
        where
            bank_id=?
2021-04-18T22:26:00,498|[TRACE] BasicBinder - binding parameter [1] as [INTEGER] - [14]
]]></system-out>
    <system-err><![CDATA[Apr. 18, 2021 10:26:00 P.M. dal.GenericDAL lambda$setParameters$0
INFO: setParameters: name=Junit 5 Test
]]></system-err>
  </testcase>
</testsuite>