<?xml version="1.0" encoding="UTF-8"?>
<testsuite xmlns:xsi="http://www.w3.org/2001/XMLSchema-instance" xsi:noNamespaceSchemaLocation="https://maven.apache.org/surefire/maven-surefire-plugin/xsd/surefire-test-report-3.0.xsd" version="3.0" name="logic.BloodDonationTest" time="132.164" tests="14" errors="13" skipped="0" failures="0">
  <properties>
[...]
</properties>
  <testcase name="testCreateEntity" classname="logic.BloodDonationTest" time="0.02">
    <system-out><![CDATA[2021-04-18T22:26:00,506|[DEBUG] EMFactory - getting EntityManagerFactory
2021-04-18T22:26:00,506|[DEBUG] EMFactory - initializeing EntityManagerFactory
2021-04-18T22:26:00,506|[DEBUG] SQL - 
    select
        bloodbank0_.bank_id as bank_id1_1_0_,
        bloodbank0_.emplyee_count as emplyee_2_1_0_,
        bloodbank0_.established as establis3_1_0_,
        bloodbank0_.name as name4_1_0_,
        bloodbank0_.owner as owner6_1_0_,
        bloodbank0_.privately_owned as privatel5_1_0_ 
    from
        simplebloodbank.blood_bank bloodbank0_ 
    where
        bloodbank0_.bank_id=?
2021-04-18T22:26:00,506|[TRACE] BasicBinder - binding parameter [1] as [INTEGER] - [1]
2021-04-18T22:26:00,508|[DEBUG] SQL - 
    /* insert entity.BloodBank
        */ insert 
        into
            simplebloodbank.blood_bank
            (emplyee_count, established, name, owner, privately_owned) 
        values
            (?, ?, ?, ?, ?)
2021-04-18T22:26:00,508|[TRACE] BasicBinder - binding parameter [1] as [INTEGER] - [111]
2021-04-18T22:26:00,508|[TRACE] BasicBinder - binding parameter [2] as [TIMESTAMP] - [Sat Nov 11 11:11:11 EST 1111]
2021-04-18T22:26:00,508|[TRACE] BasicBinder - binding parameter [3] as [VARCHAR] - [JUNIT]
2021-04-18T22:26:00,508|[TRACE] BasicBinder - binding parameter [4] as [INTEGER] - [null]
2021-04-18T22:26:00,508|[TRACE] BasicBinder - binding parameter [5] as [BOOLEAN] - [true]
2021-04-18T22:26:00,508|[DEBUG] SQL - 
    /* insert entity.BloodDonation
        */ insert 
        into
            simplebloodbank.blood_donation
            (bank_id, blood_group, created, milliliters, rhd) 
        values
            (?, ?, ?, ?, ?)
2021-04-18T22:26:00,508|[TRACE] BasicBinder - binding parameter [1] as [INTEGER] - [15]
2021-04-18T22:26:00,508|[TRACE] BasicBinder - binding parameter [2] as [VARCHAR] - [AB]
2021-04-18T22:26:00,508|[TRACE] BasicBinder - binding parameter [3] as [TIMESTAMP] - [Sat Nov 11 11:11:11 EST 1111]
2021-04-18T22:26:00,508|[TRACE] BasicBinder - binding parameter [4] as [INTEGER] - [100]
2021-04-18T22:26:00,508|[DEBUG] AttributeConverterSqlTypeDescriptorAdapter - Converted value on binding : Negative -> -
2021-04-18T22:26:00,508|[TRACE] BasicBinder - binding parameter [5] as [VARCHAR] - [-]
2021-04-18T22:26:00,516|[DEBUG] EMFactory - getting EntityManagerFactory
2021-04-18T22:26:00,516|[DEBUG] EMFactory - initializeing EntityManagerFactory
2021-04-18T22:26:00,516|[DEBUG] SQL - 
    select
        bloodbank0_.bank_id as bank_id1_1_0_,
        bloodbank0_.emplyee_count as emplyee_2_1_0_,
        bloodbank0_.established as establis3_1_0_,
        bloodbank0_.name as name4_1_0_,
        bloodbank0_.owner as owner6_1_0_,
        bloodbank0_.privately_owned as privatel5_1_0_ 
    from
        simplebloodbank.blood_bank bloodbank0_ 
    where
        bloodbank0_.bank_id=?
2021-04-18T22:26:00,516|[TRACE] BasicBinder - binding parameter [1] as [INTEGER] - [15]
2021-04-18T22:26:00,518|[TRACE] BasicExtractor - extracted value ([emplyee_2_1_0_] : [INTEGER]) - [111]
2021-04-18T22:26:00,518|[TRACE] BasicExtractor - extracted value ([establis3_1_0_] : [TIMESTAMP]) - [1111-11-11 11:11:11.0]
2021-04-18T22:26:00,518|[TRACE] BasicExtractor - extracted value ([name4_1_0_] : [VARCHAR]) - [JUNIT]
2021-04-18T22:26:00,518|[TRACE] BasicExtractor - extracted value ([owner6_1_0_] : [INTEGER]) - [null]
2021-04-18T22:26:00,518|[TRACE] BasicExtractor - extracted value ([privatel5_1_0_] : [BOOLEAN]) - [true]
2021-04-18T22:26:00,518|[DEBUG] EMFactory - getting EntityManagerFactory
2021-04-18T22:26:00,518|[DEBUG] EMFactory - initializeing EntityManagerFactory
2021-04-18T22:26:00,518|[DEBUG] SQL - 
    /* load entity.BloodDonation */ select
        blooddonat0_.donation_id as donation1_2_0_,
        blooddonat0_.bank_id as bank_id6_2_0_,
        blooddonat0_.blood_group as blood_gr2_2_0_,
        blooddonat0_.created as created3_2_0_,
        blooddonat0_.milliliters as millilit4_2_0_,
        blooddonat0_.rhd as rhd5_2_0_ 
    from
        simplebloodbank.blood_donation blooddonat0_ 
    where
        blooddonat0_.donation_id=?
2021-04-18T22:26:00,518|[TRACE] BasicBinder - binding parameter [1] as [INTEGER] - [1]
2021-04-18T22:26:00,518|[TRACE] BasicExtractor - extracted value ([bank_id6_2_0_] : [INTEGER]) - [15]
2021-04-18T22:26:00,518|[TRACE] BasicExtractor - extracted value ([blood_gr2_2_0_] : [VARCHAR]) - [AB]
2021-04-18T22:26:00,518|[TRACE] BasicExtractor - extracted value ([created3_2_0_] : [TIMESTAMP]) - [1111-11-11 11:11:11.0]
2021-04-18T22:26:00,518|[TRACE] BasicExtractor - extracted value ([millilit4_2_0_] : [INTEGER]) - [100]
2021-04-18T22:26:00,518|[TRACE] BasicExtractor - extracted value ([rhd5_2_0_] : [VARCHAR]) - [-]
2021-04-18T22:26:00,518|[DEBUG] AttributeConverterSqlTypeDescriptorAdapter - Converted value on extraction: - -> Negative
2021-04-18T22:26:00,526|[DEBUG] SQL - 
    /* delete entity.BloodDonation */ delete 
        from
            simplebloodbank.blood_donation 
        where
            donation_id=?
2021-04-18T22:26:00,526|[TRACE] BasicBinder - binding parameter [1] as [INTEGER] - [1]
]]></system-out>
  </testcase>
  <testcase name="testGetBloodDonationWithMilliliters" classname="logic.BloodDonationTest" time="0.02">
    <error type="javax.persistence.PersistenceException"><![CDATA[javax.persistence.PersistenceException: org.hibernate.exception.ConstraintViolationException: could not execute statement
	at logic.BloodDonationTest.setUp(BloodDonationTest.java:66)
Caused by: org.hibernate.exception.ConstraintViolationException: could not execute statement
	at logic.BloodDonationTest.setUp(BloodDonationTest.java:66)
Caused by: java.sql.SQLIntegrityConstraintViolationException: Duplicate entry 'JUNIT' for key 'blood_bank.name_UNIQUE'
	at logic.BloodDonationTest.setUp(BloodDonationTest.java:66)
]]></error>
    <system-out><![CDATA[2021-04-18T22:26:00,526|[DEBUG] EMFactory - getting EntityManagerFactory
2021-04-18T22:26:00,526|[DEBUG] EMFactory - initializeing EntityManagerFactory
2021-04-18T22:26:00,526|[DEBUG] SQL - 
    select
        bloodbank0_.bank_id as bank_id1_1_0_,
        bloodbank0_.emplyee_count as emplyee_2_1_0_,
        bloodbank0_.established as establis3_1_0_,
        bloodbank0_.name as name4_1_0_,
        bloodbank0_.owner as owner6_1_0_,
        bloodbank0_.privately_owned as privatel5_1_0_ 
    from
        simplebloodbank.blood_bank bloodbank0_ 
    where
        bloodbank0_.bank_id=?
2021-04-18T22:26:00,526|[TRACE] BasicBinder - binding parameter [1] as [INTEGER] - [1]
2021-04-18T22:26:00,526|[DEBUG] SQL - 
    /* insert entity.BloodBank
        */ insert 
        into
            simplebloodbank.blood_bank
            (emplyee_count, established, name, owner, privately_owned) 
        values
            (?, ?, ?, ?, ?)
2021-04-18T22:26:00,526|[TRACE] BasicBinder - binding parameter [1] as [INTEGER] - [111]
2021-04-18T22:26:00,526|[TRACE] BasicBinder - binding parameter [2] as [TIMESTAMP] - [Sat Nov 11 11:11:11 EST 1111]
2021-04-18T22:26:00,526|[TRACE] BasicBinder - binding parameter [3] as [VARCHAR] - [JUNIT]
2021-04-18T22:26:00,526|[TRACE] BasicBinder - binding parameter [4] as [INTEGER] - [null]
2021-04-18T22:26:00,526|[TRACE] BasicBinder - binding parameter [5] as [BOOLEAN] - [true]
2021-04-18T22:26:00,538|[WARN ] SqlExceptionHelper - SQL Error: 1062, SQLState: 23000
2021-04-18T22:26:00,538|[ERROR] SqlExceptionHelper - Duplicate entry 'JUNIT' for key 'blood_bank.name_UNIQUE'
]]></system-out>
  </testcase>
  <testcase name="testGetBloodDonationWithBloodGroup" classname="logic.BloodDonationTest" time="21.972">
    <error type="javax.persistence.PersistenceException"><![CDATA[javax.persistence.PersistenceException: org.hibernate.exception.ConstraintViolationException: could not execute statement
	at logic.BloodDonationTest.setUp(BloodDonationTest.java:66)
Caused by: org.hibernate.exception.ConstraintViolationException: could not execute statement
	at logic.BloodDonationTest.setUp(BloodDonationTest.java:66)
Caused by: java.sql.SQLIntegrityConstraintViolationException: Duplicate entry 'JUNIT' for key 'blood_bank.name_UNIQUE'
	at logic.BloodDonationTest.setUp(BloodDonationTest.java:66)
]]></error>
    <system-out><![CDATA[2021-04-18T22:26:00,548|[DEBUG] EMFactory - getting EntityManagerFactory
2021-04-18T22:26:00,548|[DEBUG] EMFactory - initializeing EntityManagerFactory
2021-04-18T22:26:00,558|[DEBUG] SQL - 
    select
        bloodbank0_.bank_id as bank_id1_1_0_,
        bloodbank0_.emplyee_count as emplyee_2_1_0_,
        bloodbank0_.established as establis3_1_0_,
        bloodbank0_.name as name4_1_0_,
        bloodbank0_.owner as owner6_1_0_,
        bloodbank0_.privately_owned as privatel5_1_0_ 
    from
        simplebloodbank.blood_bank bloodbank0_ 
    where
        bloodbank0_.bank_id=?
2021-04-18T22:26:00,558|[TRACE] BasicBinder - binding parameter [1] as [INTEGER] - [1]
2021-04-18T22:26:00,558|[DEBUG] SQL - 
    /* insert entity.BloodBank
        */ insert 
        into
            simplebloodbank.blood_bank
            (emplyee_count, established, name, owner, privately_owned) 
        values
            (?, ?, ?, ?, ?)
2021-04-18T22:26:00,558|[TRACE] BasicBinder - binding parameter [1] as [INTEGER] - [111]
2021-04-18T22:26:00,558|[TRACE] BasicBinder - binding parameter [2] as [TIMESTAMP] - [Sat Nov 11 11:11:11 EST 1111]
2021-04-18T22:26:00,558|[TRACE] BasicBinder - binding parameter [3] as [VARCHAR] - [JUNIT]
2021-04-18T22:26:00,558|[TRACE] BasicBinder - binding parameter [4] as [INTEGER] - [null]
2021-04-18T22:26:00,558|[TRACE] BasicBinder - binding parameter [5] as [BOOLEAN] - [true]
2021-04-18T22:26:22,520|[WARN ] SqlExceptionHelper - SQL Error: 1062, SQLState: 23000
2021-04-18T22:26:22,520|[ERROR] SqlExceptionHelper - Duplicate entry 'JUNIT' for key 'blood_bank.name_UNIQUE'
]]></system-out>
  </testcase>
  <testcase name="testCreateEntityNullAndEmptyValues" classname="logic.BloodDonationTest" time="0.015">
    <error type="javax.persistence.PersistenceException"><![CDATA[javax.persistence.PersistenceException: org.hibernate.exception.ConstraintViolationException: could not execute statement
	at logic.BloodDonationTest.setUp(BloodDonationTest.java:66)
Caused by: org.hibernate.exception.ConstraintViolationException: could not execute statement
	at logic.BloodDonationTest.setUp(BloodDonationTest.java:66)
Caused by: java.sql.SQLIntegrityConstraintViolationException: Duplicate entry 'JUNIT' for key 'blood_bank.name_UNIQUE'
	at logic.BloodDonationTest.setUp(BloodDonationTest.java:66)
]]></error>
    <system-out><![CDATA[2021-04-18T22:26:22,523|[DEBUG] EMFactory - getting EntityManagerFactory
2021-04-18T22:26:22,523|[DEBUG] EMFactory - initializeing EntityManagerFactory
2021-04-18T22:26:22,535|[DEBUG] SQL - 
    select
        bloodbank0_.bank_id as bank_id1_1_0_,
        bloodbank0_.emplyee_count as emplyee_2_1_0_,
        bloodbank0_.established as establis3_1_0_,
        bloodbank0_.name as name4_1_0_,
        bloodbank0_.owner as owner6_1_0_,
        bloodbank0_.privately_owned as privatel5_1_0_ 
    from
        simplebloodbank.blood_bank bloodbank0_ 
    where
        bloodbank0_.bank_id=?
2021-04-18T22:26:22,535|[TRACE] BasicBinder - binding parameter [1] as [INTEGER] - [1]
2021-04-18T22:26:22,536|[DEBUG] SQL - 
    /* insert entity.BloodBank
        */ insert 
        into
            simplebloodbank.blood_bank
            (emplyee_count, established, name, owner, privately_owned) 
        values
            (?, ?, ?, ?, ?)
2021-04-18T22:26:22,536|[TRACE] BasicBinder - binding parameter [1] as [INTEGER] - [111]
2021-04-18T22:26:22,536|[TRACE] BasicBinder - binding parameter [2] as [TIMESTAMP] - [Sat Nov 11 11:11:11 EST 1111]
2021-04-18T22:26:22,536|[TRACE] BasicBinder - binding parameter [3] as [VARCHAR] - [JUNIT]
2021-04-18T22:26:22,536|[TRACE] BasicBinder - binding parameter [4] as [INTEGER] - [null]
2021-04-18T22:26:22,536|[TRACE] BasicBinder - binding parameter [5] as [BOOLEAN] - [true]
2021-04-18T22:26:22,537|[WARN ] SqlExceptionHelper - SQL Error: 1062, SQLState: 23000
2021-04-18T22:26:22,537|[ERROR] SqlExceptionHelper - Duplicate entry 'JUNIT' for key 'blood_bank.name_UNIQUE'
]]></system-out>
  </testcase>
  <testcase name="testExtractDataAsList" classname="logic.BloodDonationTest" time="24.992">
    <error type="javax.persistence.PersistenceException"><![CDATA[javax.persistence.PersistenceException: org.hibernate.exception.ConstraintViolationException: could not execute statement
	at logic.BloodDonationTest.setUp(BloodDonationTest.java:66)
Caused by: org.hibernate.exception.ConstraintViolationException: could not execute statement
	at logic.BloodDonationTest.setUp(BloodDonationTest.java:66)
Caused by: java.sql.SQLIntegrityConstraintViolationException: Duplicate entry 'JUNIT' for key 'blood_bank.name_UNIQUE'
	at logic.BloodDonationTest.setUp(BloodDonationTest.java:66)
]]></error>
    <system-out><![CDATA[2021-04-18T22:26:22,538|[DEBUG] EMFactory - getting EntityManagerFactory
2021-04-18T22:26:22,538|[DEBUG] EMFactory - initializeing EntityManagerFactory
2021-04-18T22:26:22,549|[DEBUG] SQL - 
    select
        bloodbank0_.bank_id as bank_id1_1_0_,
        bloodbank0_.emplyee_count as emplyee_2_1_0_,
        bloodbank0_.established as establis3_1_0_,
        bloodbank0_.name as name4_1_0_,
        bloodbank0_.owner as owner6_1_0_,
        bloodbank0_.privately_owned as privatel5_1_0_ 
    from
        simplebloodbank.blood_bank bloodbank0_ 
    where
        bloodbank0_.bank_id=?
2021-04-18T22:26:22,549|[TRACE] BasicBinder - binding parameter [1] as [INTEGER] - [1]
2021-04-18T22:26:22,550|[DEBUG] SQL - 
    /* insert entity.BloodBank
        */ insert 
        into
            simplebloodbank.blood_bank
            (emplyee_count, established, name, owner, privately_owned) 
        values
            (?, ?, ?, ?, ?)
2021-04-18T22:26:22,550|[TRACE] BasicBinder - binding parameter [1] as [INTEGER] - [111]
2021-04-18T22:26:22,550|[TRACE] BasicBinder - binding parameter [2] as [TIMESTAMP] - [Sat Nov 11 11:11:11 EST 1111]
2021-04-18T22:26:22,550|[TRACE] BasicBinder - binding parameter [3] as [VARCHAR] - [JUNIT]
2021-04-18T22:26:22,550|[TRACE] BasicBinder - binding parameter [4] as [INTEGER] - [null]
2021-04-18T22:26:22,550|[TRACE] BasicBinder - binding parameter [5] as [BOOLEAN] - [true]
2021-04-18T22:26:47,529|[WARN ] SqlExceptionHelper - SQL Error: 1062, SQLState: 23000
2021-04-18T22:26:47,529|[ERROR] SqlExceptionHelper - Duplicate entry 'JUNIT' for key 'blood_bank.name_UNIQUE'
]]></system-out>
  </testcase>
  <testcase name="testGetBloodDonationsWithBloodBank" classname="logic.BloodDonationTest" time="0.015">
    <error type="javax.persistence.PersistenceException"><![CDATA[javax.persistence.PersistenceException: org.hibernate.exception.ConstraintViolationException: could not execute statement
	at logic.BloodDonationTest.setUp(BloodDonationTest.java:66)
Caused by: org.hibernate.exception.ConstraintViolationException: could not execute statement
	at logic.BloodDonationTest.setUp(BloodDonationTest.java:66)
Caused by: java.sql.SQLIntegrityConstraintViolationException: Duplicate entry 'JUNIT' for key 'blood_bank.name_UNIQUE'
	at logic.BloodDonationTest.setUp(BloodDonationTest.java:66)
]]></error>
    <system-out><![CDATA[2021-04-18T22:26:47,532|[DEBUG] EMFactory - getting EntityManagerFactory
2021-04-18T22:26:47,532|[DEBUG] EMFactory - initializeing EntityManagerFactory
2021-04-18T22:26:47,545|[DEBUG] SQL - 
    select
        bloodbank0_.bank_id as bank_id1_1_0_,
        bloodbank0_.emplyee_count as emplyee_2_1_0_,
        bloodbank0_.established as establis3_1_0_,
        bloodbank0_.name as name4_1_0_,
        bloodbank0_.owner as owner6_1_0_,
        bloodbank0_.privately_owned as privatel5_1_0_ 
    from
        simplebloodbank.blood_bank bloodbank0_ 
    where
        bloodbank0_.bank_id=?
2021-04-18T22:26:47,545|[TRACE] BasicBinder - binding parameter [1] as [INTEGER] - [1]
2021-04-18T22:26:47,546|[DEBUG] SQL - 
    /* insert entity.BloodBank
        */ insert 
        into
            simplebloodbank.blood_bank
            (emplyee_count, established, name, owner, privately_owned) 
        values
            (?, ?, ?, ?, ?)
2021-04-18T22:26:47,546|[TRACE] BasicBinder - binding parameter [1] as [INTEGER] - [111]
2021-04-18T22:26:47,546|[TRACE] BasicBinder - binding parameter [2] as [TIMESTAMP] - [Sat Nov 11 11:11:11 EST 1111]
2021-04-18T22:26:47,546|[TRACE] BasicBinder - binding parameter [3] as [VARCHAR] - [JUNIT]
2021-04-18T22:26:47,546|[TRACE] BasicBinder - binding parameter [4] as [INTEGER] - [null]
2021-04-18T22:26:47,546|[TRACE] BasicBinder - binding parameter [5] as [BOOLEAN] - [true]
2021-04-18T22:26:47,547|[WARN ] SqlExceptionHelper - SQL Error: 1062, SQLState: 23000
2021-04-18T22:26:47,547|[ERROR] SqlExceptionHelper - Duplicate entry 'JUNIT' for key 'blood_bank.name_UNIQUE'
]]></system-out>
  </testcase>
  <testcase name="testCreateEntityAndAdd" classname="logic.BloodDonationTest" time="20.002">
    <error type="javax.persistence.PersistenceException"><![CDATA[javax.persistence.PersistenceException: org.hibernate.exception.ConstraintViolationException: could not execute statement
	at logic.BloodDonationTest.setUp(BloodDonationTest.java:66)
Caused by: org.hibernate.exception.ConstraintViolationException: could not execute statement
	at logic.BloodDonationTest.setUp(BloodDonationTest.java:66)
Caused by: java.sql.SQLIntegrityConstraintViolationException: Duplicate entry 'JUNIT' for key 'blood_bank.name_UNIQUE'
	at logic.BloodDonationTest.setUp(BloodDonationTest.java:66)
]]></error>
    <system-out><![CDATA[2021-04-18T22:26:47,548|[DEBUG] EMFactory - getting EntityManagerFactory
2021-04-18T22:26:47,548|[DEBUG] EMFactory - initializeing EntityManagerFactory
2021-04-18T22:26:47,559|[DEBUG] SQL - 
    select
        bloodbank0_.bank_id as bank_id1_1_0_,
        bloodbank0_.emplyee_count as emplyee_2_1_0_,
        bloodbank0_.established as establis3_1_0_,
        bloodbank0_.name as name4_1_0_,
        bloodbank0_.owner as owner6_1_0_,
        bloodbank0_.privately_owned as privatel5_1_0_ 
    from
        simplebloodbank.blood_bank bloodbank0_ 
    where
        bloodbank0_.bank_id=?
2021-04-18T22:26:47,560|[TRACE] BasicBinder - binding parameter [1] as [INTEGER] - [1]
2021-04-18T22:26:47,560|[DEBUG] SQL - 
    /* insert entity.BloodBank
        */ insert 
        into
            simplebloodbank.blood_bank
            (emplyee_count, established, name, owner, privately_owned) 
        values
            (?, ?, ?, ?, ?)
2021-04-18T22:26:47,560|[TRACE] BasicBinder - binding parameter [1] as [INTEGER] - [111]
2021-04-18T22:26:47,561|[TRACE] BasicBinder - binding parameter [2] as [TIMESTAMP] - [Sat Nov 11 11:11:11 EST 1111]
2021-04-18T22:26:47,561|[TRACE] BasicBinder - binding parameter [3] as [VARCHAR] - [JUNIT]
2021-04-18T22:26:47,561|[TRACE] BasicBinder - binding parameter [4] as [INTEGER] - [null]
2021-04-18T22:26:47,561|[TRACE] BasicBinder - binding parameter [5] as [BOOLEAN] - [true]
2021-04-18T22:27:07,550|[WARN ] SqlExceptionHelper - SQL Error: 1062, SQLState: 23000
2021-04-18T22:27:07,550|[ERROR] SqlExceptionHelper - Duplicate entry 'JUNIT' for key 'blood_bank.name_UNIQUE'
]]></system-out>
  </testcase>
  <testcase name="testGetAll" classname="logic.BloodDonationTest" time="0.016">
    <error type="javax.persistence.PersistenceException"><![CDATA[javax.persistence.PersistenceException: org.hibernate.exception.ConstraintViolationException: could not execute statement
	at logic.BloodDonationTest.setUp(BloodDonationTest.java:66)
Caused by: org.hibernate.exception.ConstraintViolationException: could not execute statement
	at logic.BloodDonationTest.setUp(BloodDonationTest.java:66)
Caused by: java.sql.SQLIntegrityConstraintViolationException: Duplicate entry 'JUNIT' for key 'blood_bank.name_UNIQUE'
	at logic.BloodDonationTest.setUp(BloodDonationTest.java:66)
]]></error>
    <system-out><![CDATA[2021-04-18T22:27:07,565|[DEBUG] EMFactory - getting EntityManagerFactory
2021-04-18T22:27:07,565|[DEBUG] EMFactory - initializeing EntityManagerFactory
2021-04-18T22:27:07,565|[DEBUG] SQL - 
    select
        bloodbank0_.bank_id as bank_id1_1_0_,
        bloodbank0_.emplyee_count as emplyee_2_1_0_,
        bloodbank0_.established as establis3_1_0_,
        bloodbank0_.name as name4_1_0_,
        bloodbank0_.owner as owner6_1_0_,
        bloodbank0_.privately_owned as privatel5_1_0_ 
    from
        simplebloodbank.blood_bank bloodbank0_ 
    where
        bloodbank0_.bank_id=?
2021-04-18T22:27:07,565|[TRACE] BasicBinder - binding parameter [1] as [INTEGER] - [1]
2021-04-18T22:27:07,565|[DEBUG] SQL - 
    /* insert entity.BloodBank
        */ insert 
        into
            simplebloodbank.blood_bank
            (emplyee_count, established, name, owner, privately_owned) 
        values
            (?, ?, ?, ?, ?)
2021-04-18T22:27:07,565|[TRACE] BasicBinder - binding parameter [1] as [INTEGER] - [111]
2021-04-18T22:27:07,565|[TRACE] BasicBinder - binding parameter [2] as [TIMESTAMP] - [Sat Nov 11 11:11:11 EST 1111]
2021-04-18T22:27:07,565|[TRACE] BasicBinder - binding parameter [3] as [VARCHAR] - [JUNIT]
2021-04-18T22:27:07,565|[TRACE] BasicBinder - binding parameter [4] as [INTEGER] - [null]
2021-04-18T22:27:07,565|[TRACE] BasicBinder - binding parameter [5] as [BOOLEAN] - [true]
2021-04-18T22:27:07,565|[WARN ] SqlExceptionHelper - SQL Error: 1062, SQLState: 23000
2021-04-18T22:27:07,565|[ERROR] SqlExceptionHelper - Duplicate entry 'JUNIT' for key 'blood_bank.name_UNIQUE'
]]></system-out>
  </testcase>
  <testcase name="testGetBloodDonationsWithRhd" classname="logic.BloodDonationTest" time="19.996">
    <error type="javax.persistence.PersistenceException"><![CDATA[javax.persistence.PersistenceException: org.hibernate.exception.ConstraintViolationException: could not execute statement
	at logic.BloodDonationTest.setUp(BloodDonationTest.java:66)
Caused by: org.hibernate.exception.ConstraintViolationException: could not execute statement
	at logic.BloodDonationTest.setUp(BloodDonationTest.java:66)
Caused by: java.sql.SQLIntegrityConstraintViolationException: Duplicate entry 'JUNIT' for key 'blood_bank.name_UNIQUE'
	at logic.BloodDonationTest.setUp(BloodDonationTest.java:66)
]]></error>
    <system-out><![CDATA[2021-04-18T22:27:07,581|[DEBUG] EMFactory - getting EntityManagerFactory
2021-04-18T22:27:07,581|[DEBUG] EMFactory - initializeing EntityManagerFactory
2021-04-18T22:27:07,586|[DEBUG] SQL - 
    select
        bloodbank0_.bank_id as bank_id1_1_0_,
        bloodbank0_.emplyee_count as emplyee_2_1_0_,
        bloodbank0_.established as establis3_1_0_,
        bloodbank0_.name as name4_1_0_,
        bloodbank0_.owner as owner6_1_0_,
        bloodbank0_.privately_owned as privatel5_1_0_ 
    from
        simplebloodbank.blood_bank bloodbank0_ 
    where
        bloodbank0_.bank_id=?
2021-04-18T22:27:07,586|[TRACE] BasicBinder - binding parameter [1] as [INTEGER] - [1]
2021-04-18T22:27:07,586|[DEBUG] SQL - 
    /* insert entity.BloodBank
        */ insert 
        into
            simplebloodbank.blood_bank
            (emplyee_count, established, name, owner, privately_owned) 
        values
            (?, ?, ?, ?, ?)
2021-04-18T22:27:07,586|[TRACE] BasicBinder - binding parameter [1] as [INTEGER] - [111]
2021-04-18T22:27:07,586|[TRACE] BasicBinder - binding parameter [2] as [TIMESTAMP] - [Sat Nov 11 11:11:11 EST 1111]
2021-04-18T22:27:07,586|[TRACE] BasicBinder - binding parameter [3] as [VARCHAR] - [JUNIT]
2021-04-18T22:27:07,586|[TRACE] BasicBinder - binding parameter [4] as [INTEGER] - [null]
2021-04-18T22:27:07,586|[TRACE] BasicBinder - binding parameter [5] as [BOOLEAN] - [true]
2021-04-18T22:27:27,577|[WARN ] SqlExceptionHelper - SQL Error: 1062, SQLState: 23000
2021-04-18T22:27:27,577|[ERROR] SqlExceptionHelper - Duplicate entry 'JUNIT' for key 'blood_bank.name_UNIQUE'
]]></system-out>
  </testcase>
  <testcase name="testGetColumnCodes" classname="logic.BloodDonationTest" time="5.011">
    <error type="javax.persistence.PersistenceException"><![CDATA[javax.persistence.PersistenceException: org.hibernate.exception.ConstraintViolationException: could not execute statement
	at logic.BloodDonationTest.setUp(BloodDonationTest.java:66)
Caused by: org.hibernate.exception.ConstraintViolationException: could not execute statement
	at logic.BloodDonationTest.setUp(BloodDonationTest.java:66)
Caused by: java.sql.SQLIntegrityConstraintViolationException: Duplicate entry 'JUNIT' for key 'blood_bank.name_UNIQUE'
	at logic.BloodDonationTest.setUp(BloodDonationTest.java:66)
]]></error>
    <system-out><![CDATA[2021-04-18T22:27:27,577|[DEBUG] EMFactory - getting EntityManagerFactory
2021-04-18T22:27:27,577|[DEBUG] EMFactory - initializeing EntityManagerFactory
2021-04-18T22:27:27,595|[DEBUG] SQL - 
    select
        bloodbank0_.bank_id as bank_id1_1_0_,
        bloodbank0_.emplyee_count as emplyee_2_1_0_,
        bloodbank0_.established as establis3_1_0_,
        bloodbank0_.name as name4_1_0_,
        bloodbank0_.owner as owner6_1_0_,
        bloodbank0_.privately_owned as privatel5_1_0_ 
    from
        simplebloodbank.blood_bank bloodbank0_ 
    where
        bloodbank0_.bank_id=?
2021-04-18T22:27:27,595|[TRACE] BasicBinder - binding parameter [1] as [INTEGER] - [1]
2021-04-18T22:27:27,597|[DEBUG] SQL - 
    /* insert entity.BloodBank
        */ insert 
        into
            simplebloodbank.blood_bank
            (emplyee_count, established, name, owner, privately_owned) 
        values
            (?, ?, ?, ?, ?)
2021-04-18T22:27:27,597|[TRACE] BasicBinder - binding parameter [1] as [INTEGER] - [111]
2021-04-18T22:27:27,597|[TRACE] BasicBinder - binding parameter [2] as [TIMESTAMP] - [Sat Nov 11 11:11:11 EST 1111]
2021-04-18T22:27:27,597|[TRACE] BasicBinder - binding parameter [3] as [VARCHAR] - [JUNIT]
2021-04-18T22:27:27,597|[TRACE] BasicBinder - binding parameter [4] as [INTEGER] - [null]
2021-04-18T22:27:27,597|[TRACE] BasicBinder - binding parameter [5] as [BOOLEAN] - [true]
2021-04-18T22:27:32,588|[WARN ] SqlExceptionHelper - SQL Error: 1062, SQLState: 23000
2021-04-18T22:27:32,588|[ERROR] SqlExceptionHelper - Duplicate entry 'JUNIT' for key 'blood_bank.name_UNIQUE'
]]></system-out>
  </testcase>
  <testcase name="testGetColumnNames" classname="logic.BloodDonationTest" time="15.041">
    <error type="javax.persistence.PersistenceException"><![CDATA[javax.persistence.PersistenceException: org.hibernate.exception.ConstraintViolationException: could not execute statement
	at logic.BloodDonationTest.setUp(BloodDonationTest.java:66)
Caused by: org.hibernate.exception.ConstraintViolationException: could not execute statement
	at logic.BloodDonationTest.setUp(BloodDonationTest.java:66)
Caused by: java.sql.SQLIntegrityConstraintViolationException: Duplicate entry 'JUNIT' for key 'blood_bank.name_UNIQUE'
	at logic.BloodDonationTest.setUp(BloodDonationTest.java:66)
]]></error>
    <system-out><![CDATA[2021-04-18T22:27:32,588|[DEBUG] EMFactory - getting EntityManagerFactory
2021-04-18T22:27:32,588|[DEBUG] EMFactory - initializeing EntityManagerFactory
2021-04-18T22:27:32,604|[DEBUG] SQL - 
    select
        bloodbank0_.bank_id as bank_id1_1_0_,
        bloodbank0_.emplyee_count as emplyee_2_1_0_,
        bloodbank0_.established as establis3_1_0_,
        bloodbank0_.name as name4_1_0_,
        bloodbank0_.owner as owner6_1_0_,
        bloodbank0_.privately_owned as privatel5_1_0_ 
    from
        simplebloodbank.blood_bank bloodbank0_ 
    where
        bloodbank0_.bank_id=?
2021-04-18T22:27:32,604|[TRACE] BasicBinder - binding parameter [1] as [INTEGER] - [1]
2021-04-18T22:27:32,604|[DEBUG] SQL - 
    /* insert entity.BloodBank
        */ insert 
        into
            simplebloodbank.blood_bank
            (emplyee_count, established, name, owner, privately_owned) 
        values
            (?, ?, ?, ?, ?)
2021-04-18T22:27:32,604|[TRACE] BasicBinder - binding parameter [1] as [INTEGER] - [111]
2021-04-18T22:27:32,604|[TRACE] BasicBinder - binding parameter [2] as [TIMESTAMP] - [Sat Nov 11 11:11:11 EST 1111]
2021-04-18T22:27:32,604|[TRACE] BasicBinder - binding parameter [3] as [VARCHAR] - [JUNIT]
2021-04-18T22:27:32,604|[TRACE] BasicBinder - binding parameter [4] as [INTEGER] - [null]
2021-04-18T22:27:32,604|[TRACE] BasicBinder - binding parameter [5] as [BOOLEAN] - [true]
2021-04-18T22:27:47,628|[WARN ] SqlExceptionHelper - SQL Error: 1062, SQLState: 23000
2021-04-18T22:27:47,628|[ERROR] SqlExceptionHelper - Duplicate entry 'JUNIT' for key 'blood_bank.name_UNIQUE'
]]></system-out>
  </testcase>
  <testcase name="testGetBloodDonationWithCreated" classname="logic.BloodDonationTest" time="4.995">
    <error type="javax.persistence.PersistenceException"><![CDATA[javax.persistence.PersistenceException: org.hibernate.exception.ConstraintViolationException: could not execute statement
	at logic.BloodDonationTest.setUp(BloodDonationTest.java:66)
Caused by: org.hibernate.exception.ConstraintViolationException: could not execute statement
	at logic.BloodDonationTest.setUp(BloodDonationTest.java:66)
Caused by: java.sql.SQLIntegrityConstraintViolationException: Duplicate entry 'JUNIT' for key 'blood_bank.name_UNIQUE'
	at logic.BloodDonationTest.setUp(BloodDonationTest.java:66)
]]></error>
    <system-out><![CDATA[2021-04-18T22:27:47,633|[DEBUG] EMFactory - getting EntityManagerFactory
2021-04-18T22:27:47,633|[DEBUG] EMFactory - initializeing EntityManagerFactory
2021-04-18T22:27:47,646|[DEBUG] SQL - 
    select
        bloodbank0_.bank_id as bank_id1_1_0_,
        bloodbank0_.emplyee_count as emplyee_2_1_0_,
        bloodbank0_.established as establis3_1_0_,
        bloodbank0_.name as name4_1_0_,
        bloodbank0_.owner as owner6_1_0_,
        bloodbank0_.privately_owned as privatel5_1_0_ 
    from
        simplebloodbank.blood_bank bloodbank0_ 
    where
        bloodbank0_.bank_id=?
2021-04-18T22:27:47,646|[TRACE] BasicBinder - binding parameter [1] as [INTEGER] - [1]
2021-04-18T22:27:47,647|[DEBUG] SQL - 
    /* insert entity.BloodBank
        */ insert 
        into
            simplebloodbank.blood_bank
            (emplyee_count, established, name, owner, privately_owned) 
        values
            (?, ?, ?, ?, ?)
2021-04-18T22:27:47,647|[TRACE] BasicBinder - binding parameter [1] as [INTEGER] - [111]
2021-04-18T22:27:47,647|[TRACE] BasicBinder - binding parameter [2] as [TIMESTAMP] - [Sat Nov 11 11:11:11 EST 1111]
2021-04-18T22:27:47,647|[TRACE] BasicBinder - binding parameter [3] as [VARCHAR] - [JUNIT]
2021-04-18T22:27:47,647|[TRACE] BasicBinder - binding parameter [4] as [INTEGER] - [null]
2021-04-18T22:27:47,647|[TRACE] BasicBinder - binding parameter [5] as [BOOLEAN] - [true]
2021-04-18T22:27:52,626|[WARN ] SqlExceptionHelper - SQL Error: 1062, SQLState: 23000
2021-04-18T22:27:52,626|[ERROR] SqlExceptionHelper - Duplicate entry 'JUNIT' for key 'blood_bank.name_UNIQUE'
]]></system-out>
  </testcase>
  <testcase name="testGetWithId" classname="logic.BloodDonationTest" time="15.022">
    <error type="javax.persistence.PersistenceException"><![CDATA[javax.persistence.PersistenceException: org.hibernate.exception.ConstraintViolationException: could not execute statement
	at logic.BloodDonationTest.setUp(BloodDonationTest.java:66)
Caused by: org.hibernate.exception.ConstraintViolationException: could not execute statement
	at logic.BloodDonationTest.setUp(BloodDonationTest.java:66)
Caused by: java.sql.SQLIntegrityConstraintViolationException: Duplicate entry 'JUNIT' for key 'blood_bank.name_UNIQUE'
	at logic.BloodDonationTest.setUp(BloodDonationTest.java:66)
]]></error>
    <system-out><![CDATA[2021-04-18T22:27:52,632|[DEBUG] EMFactory - getting EntityManagerFactory
2021-04-18T22:27:52,632|[DEBUG] EMFactory - initializeing EntityManagerFactory
2021-04-18T22:27:52,645|[DEBUG] SQL - 
    select
        bloodbank0_.bank_id as bank_id1_1_0_,
        bloodbank0_.emplyee_count as emplyee_2_1_0_,
        bloodbank0_.established as establis3_1_0_,
        bloodbank0_.name as name4_1_0_,
        bloodbank0_.owner as owner6_1_0_,
        bloodbank0_.privately_owned as privatel5_1_0_ 
    from
        simplebloodbank.blood_bank bloodbank0_ 
    where
        bloodbank0_.bank_id=?
2021-04-18T22:27:52,645|[TRACE] BasicBinder - binding parameter [1] as [INTEGER] - [1]
2021-04-18T22:27:52,646|[DEBUG] SQL - 
    /* insert entity.BloodBank
        */ insert 
        into
            simplebloodbank.blood_bank
            (emplyee_count, established, name, owner, privately_owned) 
        values
            (?, ?, ?, ?, ?)
2021-04-18T22:27:52,646|[TRACE] BasicBinder - binding parameter [1] as [INTEGER] - [111]
2021-04-18T22:27:52,646|[TRACE] BasicBinder - binding parameter [2] as [TIMESTAMP] - [Sat Nov 11 11:11:11 EST 1111]
2021-04-18T22:27:52,646|[TRACE] BasicBinder - binding parameter [3] as [VARCHAR] - [JUNIT]
2021-04-18T22:27:52,646|[TRACE] BasicBinder - binding parameter [4] as [INTEGER] - [null]
2021-04-18T22:27:52,646|[TRACE] BasicBinder - binding parameter [5] as [BOOLEAN] - [true]
2021-04-18T22:28:07,652|[WARN ] SqlExceptionHelper - SQL Error: 1062, SQLState: 23000
2021-04-18T22:28:07,654|[ERROR] SqlExceptionHelper - Duplicate entry 'JUNIT' for key 'blood_bank.name_UNIQUE'
]]></system-out>
  </testcase>
  <testcase name="testCreateEntityBadValues" classname="logic.BloodDonationTest" time="4.999">
    <error type="javax.persistence.PersistenceException"><![CDATA[javax.persistence.PersistenceException: org.hibernate.exception.ConstraintViolationException: could not execute statement
	at logic.BloodDonationTest.setUp(BloodDonationTest.java:66)
Caused by: org.hibernate.exception.ConstraintViolationException: could not execute statement
	at logic.BloodDonationTest.setUp(BloodDonationTest.java:66)
Caused by: java.sql.SQLIntegrityConstraintViolationException: Duplicate entry 'JUNIT' for key 'blood_bank.name_UNIQUE'
	at logic.BloodDonationTest.setUp(BloodDonationTest.java:66)
]]></error>
    <system-out><![CDATA[2021-04-18T22:28:07,660|[DEBUG] EMFactory - getting EntityManagerFactory
2021-04-18T22:28:07,660|[DEBUG] EMFactory - initializeing EntityManagerFactory
2021-04-18T22:28:07,672|[DEBUG] SQL - 
    select
        bloodbank0_.bank_id as bank_id1_1_0_,
        bloodbank0_.emplyee_count as emplyee_2_1_0_,
        bloodbank0_.established as establis3_1_0_,
        bloodbank0_.name as name4_1_0_,
        bloodbank0_.owner as owner6_1_0_,
        bloodbank0_.privately_owned as privatel5_1_0_ 
    from
        simplebloodbank.blood_bank bloodbank0_ 
    where
        bloodbank0_.bank_id=?
2021-04-18T22:28:07,673|[TRACE] BasicBinder - binding parameter [1] as [INTEGER] - [1]
2021-04-18T22:28:07,673|[DEBUG] SQL - 
    /* insert entity.BloodBank
        */ insert 
        into
            simplebloodbank.blood_bank
            (emplyee_count, established, name, owner, privately_owned) 
        values
            (?, ?, ?, ?, ?)
2021-04-18T22:28:07,673|[TRACE] BasicBinder - binding parameter [1] as [INTEGER] - [111]
2021-04-18T22:28:07,673|[TRACE] BasicBinder - binding parameter [2] as [TIMESTAMP] - [Sat Nov 11 11:11:11 EST 1111]
2021-04-18T22:28:07,673|[TRACE] BasicBinder - binding parameter [3] as [VARCHAR] - [JUNIT]
2021-04-18T22:28:07,673|[TRACE] BasicBinder - binding parameter [4] as [INTEGER] - [null]
2021-04-18T22:28:07,674|[TRACE] BasicBinder - binding parameter [5] as [BOOLEAN] - [true]
2021-04-18T22:28:12,657|[WARN ] SqlExceptionHelper - SQL Error: 1062, SQLState: 23000
2021-04-18T22:28:12,657|[ERROR] SqlExceptionHelper - Duplicate entry 'JUNIT' for key 'blood_bank.name_UNIQUE'
]]></system-out>
  </testcase>
</testsuite>