<?xml version="1.0" encoding="UTF-8"?>
<testsuite xmlns:xsi="http://www.w3.org/2001/XMLSchema-instance" xsi:noNamespaceSchemaLocation="https://maven.apache.org/surefire/maven-surefire-plugin/xsd/surefire-test-report-3.0.xsd" version="3.0" name="logic.DonationRecordLogicTest" time="0.172" tests="14" errors="14" skipped="0" failures="0">
  <properties>
[...]
</properties>
  <testcase name="testCreateEntity" classname="logic.DonationRecordLogicTest" time="0.021">
    <error type="javax.persistence.PersistenceException"><![CDATA[javax.persistence.PersistenceException: org.hibernate.PropertyValueException: not-null property references a null or transient value : entity.DonationRecord.administrator
	at logic.DonationRecordLogicTest.setUp(DonationRecordLogicTest.java:83)
Caused by: org.hibernate.PropertyValueException: not-null property references a null or transient value : entity.DonationRecord.administrator
	at logic.DonationRecordLogicTest.setUp(DonationRecordLogicTest.java:83)
]]></error>
    <system-out><![CDATA[2021-04-18T22:28:12,669|[DEBUG] EMFactory - getting EntityManagerFactory
2021-04-18T22:28:12,669|[DEBUG] EMFactory - initializeing EntityManagerFactory
2021-04-18T22:28:12,681|[DEBUG] SQL - 
    /* load entity.DonationRecord */ select
        donationre0_.record_id as record_i1_3_0_,
        donationre0_.administrator as administ2_3_0_,
        donationre0_.donation_id as donation6_3_0_,
        donationre0_.created as created3_3_0_,
        donationre0_.hospital as hospital4_3_0_,
        donationre0_.person_id as person_i7_3_0_,
        donationre0_.tested as tested5_3_0_ 
    from
        simplebloodbank.donation_record donationre0_ 
    where
        donationre0_.record_id=?
2021-04-18T22:28:12,681|[TRACE] BasicBinder - binding parameter [1] as [INTEGER] - [0]
]]></system-out>
  </testcase>
  <testcase name="testCreateEntityNullAndEmptyValues" classname="logic.DonationRecordLogicTest" time="0.01">
    <error type="javax.persistence.PersistenceException"><![CDATA[javax.persistence.PersistenceException: org.hibernate.PropertyValueException: not-null property references a null or transient value : entity.DonationRecord.administrator
	at logic.DonationRecordLogicTest.setUp(DonationRecordLogicTest.java:83)
Caused by: org.hibernate.PropertyValueException: not-null property references a null or transient value : entity.DonationRecord.administrator
	at logic.DonationRecordLogicTest.setUp(DonationRecordLogicTest.java:83)
]]></error>
    <system-out><![CDATA[2021-04-18T22:28:12,690|[DEBUG] EMFactory - getting EntityManagerFactory
2021-04-18T22:28:12,690|[DEBUG] EMFactory - initializeing EntityManagerFactory
2021-04-18T22:28:12,699|[DEBUG] SQL - 
    /* load entity.DonationRecord */ select
        donationre0_.record_id as record_i1_3_0_,
        donationre0_.administrator as administ2_3_0_,
        donationre0_.donation_id as donation6_3_0_,
        donationre0_.created as created3_3_0_,
        donationre0_.hospital as hospital4_3_0_,
        donationre0_.person_id as person_i7_3_0_,
        donationre0_.tested as tested5_3_0_ 
    from
        simplebloodbank.donation_record donationre0_ 
    where
        donationre0_.record_id=?
2021-04-18T22:28:12,700|[TRACE] BasicBinder - binding parameter [1] as [INTEGER] - [0]
]]></system-out>
  </testcase>
  <testcase name="testExtractDataAsList" classname="logic.DonationRecordLogicTest" time="0.011">
    <error type="javax.persistence.PersistenceException"><![CDATA[javax.persistence.PersistenceException: org.hibernate.PropertyValueException: not-null property references a null or transient value : entity.DonationRecord.administrator
	at logic.DonationRecordLogicTest.setUp(DonationRecordLogicTest.java:83)
Caused by: org.hibernate.PropertyValueException: not-null property references a null or transient value : entity.DonationRecord.administrator
	at logic.DonationRecordLogicTest.setUp(DonationRecordLogicTest.java:83)
]]></error>
    <system-out><![CDATA[2021-04-18T22:28:12,701|[DEBUG] EMFactory - getting EntityManagerFactory
2021-04-18T22:28:12,701|[DEBUG] EMFactory - initializeing EntityManagerFactory
2021-04-18T22:28:12,711|[DEBUG] SQL - 
    /* load entity.DonationRecord */ select
        donationre0_.record_id as record_i1_3_0_,
        donationre0_.administrator as administ2_3_0_,
        donationre0_.donation_id as donation6_3_0_,
        donationre0_.created as created3_3_0_,
        donationre0_.hospital as hospital4_3_0_,
        donationre0_.person_id as person_i7_3_0_,
        donationre0_.tested as tested5_3_0_ 
    from
        simplebloodbank.donation_record donationre0_ 
    where
        donationre0_.record_id=?
2021-04-18T22:28:12,711|[TRACE] BasicBinder - binding parameter [1] as [INTEGER] - [0]
]]></system-out>
  </testcase>
  <testcase name="testCreateEntityAndAdd" classname="logic.DonationRecordLogicTest" time="0.011">
    <error type="javax.persistence.PersistenceException"><![CDATA[javax.persistence.PersistenceException: org.hibernate.PropertyValueException: not-null property references a null or transient value : entity.DonationRecord.administrator
	at logic.DonationRecordLogicTest.setUp(DonationRecordLogicTest.java:83)
Caused by: org.hibernate.PropertyValueException: not-null property references a null or transient value : entity.DonationRecord.administrator
	at logic.DonationRecordLogicTest.setUp(DonationRecordLogicTest.java:83)
]]></error>
    <system-out><![CDATA[2021-04-18T22:28:12,713|[DEBUG] EMFactory - getting EntityManagerFactory
2021-04-18T22:28:12,713|[DEBUG] EMFactory - initializeing EntityManagerFactory
2021-04-18T22:28:12,723|[DEBUG] SQL - 
    /* load entity.DonationRecord */ select
        donationre0_.record_id as record_i1_3_0_,
        donationre0_.administrator as administ2_3_0_,
        donationre0_.donation_id as donation6_3_0_,
        donationre0_.created as created3_3_0_,
        donationre0_.hospital as hospital4_3_0_,
        donationre0_.person_id as person_i7_3_0_,
        donationre0_.tested as tested5_3_0_ 
    from
        simplebloodbank.donation_record donationre0_ 
    where
        donationre0_.record_id=?
2021-04-18T22:28:12,723|[TRACE] BasicBinder - binding parameter [1] as [INTEGER] - [0]
]]></system-out>
  </testcase>
  <testcase name="testGetDonationRecordWithAdministrator" classname="logic.DonationRecordLogicTest" time="0.012">
    <error type="javax.persistence.PersistenceException"><![CDATA[javax.persistence.PersistenceException: org.hibernate.PropertyValueException: not-null property references a null or transient value : entity.DonationRecord.administrator
	at logic.DonationRecordLogicTest.setUp(DonationRecordLogicTest.java:83)
Caused by: org.hibernate.PropertyValueException: not-null property references a null or transient value : entity.DonationRecord.administrator
	at logic.DonationRecordLogicTest.setUp(DonationRecordLogicTest.java:83)
]]></error>
    <system-out><![CDATA[2021-04-18T22:28:12,724|[DEBUG] EMFactory - getting EntityManagerFactory
2021-04-18T22:28:12,724|[DEBUG] EMFactory - initializeing EntityManagerFactory
2021-04-18T22:28:12,734|[DEBUG] SQL - 
    /* load entity.DonationRecord */ select
        donationre0_.record_id as record_i1_3_0_,
        donationre0_.administrator as administ2_3_0_,
        donationre0_.donation_id as donation6_3_0_,
        donationre0_.created as created3_3_0_,
        donationre0_.hospital as hospital4_3_0_,
        donationre0_.person_id as person_i7_3_0_,
        donationre0_.tested as tested5_3_0_ 
    from
        simplebloodbank.donation_record donationre0_ 
    where
        donationre0_.record_id=?
2021-04-18T22:28:12,735|[TRACE] BasicBinder - binding parameter [1] as [INTEGER] - [0]
]]></system-out>
  </testcase>
  <testcase name="testCreateEntityBadLengthValues" classname="logic.DonationRecordLogicTest" time="0.012">
    <error type="javax.persistence.PersistenceException"><![CDATA[javax.persistence.PersistenceException: org.hibernate.PropertyValueException: not-null property references a null or transient value : entity.DonationRecord.administrator
	at logic.DonationRecordLogicTest.setUp(DonationRecordLogicTest.java:83)
Caused by: org.hibernate.PropertyValueException: not-null property references a null or transient value : entity.DonationRecord.administrator
	at logic.DonationRecordLogicTest.setUp(DonationRecordLogicTest.java:83)
]]></error>
    <system-out><![CDATA[2021-04-18T22:28:12,736|[DEBUG] EMFactory - getting EntityManagerFactory
2021-04-18T22:28:12,736|[DEBUG] EMFactory - initializeing EntityManagerFactory
2021-04-18T22:28:12,747|[DEBUG] SQL - 
    /* load entity.DonationRecord */ select
        donationre0_.record_id as record_i1_3_0_,
        donationre0_.administrator as administ2_3_0_,
        donationre0_.donation_id as donation6_3_0_,
        donationre0_.created as created3_3_0_,
        donationre0_.hospital as hospital4_3_0_,
        donationre0_.person_id as person_i7_3_0_,
        donationre0_.tested as tested5_3_0_ 
    from
        simplebloodbank.donation_record donationre0_ 
    where
        donationre0_.record_id=?
2021-04-18T22:28:12,747|[TRACE] BasicBinder - binding parameter [1] as [INTEGER] - [0]
]]></system-out>
  </testcase>
  <testcase name="testGetAccountWithTested" classname="logic.DonationRecordLogicTest" time="0.01">
    <error type="javax.persistence.PersistenceException"><![CDATA[javax.persistence.PersistenceException: org.hibernate.PropertyValueException: not-null property references a null or transient value : entity.DonationRecord.administrator
	at logic.DonationRecordLogicTest.setUp(DonationRecordLogicTest.java:83)
Caused by: org.hibernate.PropertyValueException: not-null property references a null or transient value : entity.DonationRecord.administrator
	at logic.DonationRecordLogicTest.setUp(DonationRecordLogicTest.java:83)
]]></error>
    <system-out><![CDATA[2021-04-18T22:28:12,748|[DEBUG] EMFactory - getting EntityManagerFactory
2021-04-18T22:28:12,748|[DEBUG] EMFactory - initializeing EntityManagerFactory
2021-04-18T22:28:12,757|[DEBUG] SQL - 
    /* load entity.DonationRecord */ select
        donationre0_.record_id as record_i1_3_0_,
        donationre0_.administrator as administ2_3_0_,
        donationre0_.donation_id as donation6_3_0_,
        donationre0_.created as created3_3_0_,
        donationre0_.hospital as hospital4_3_0_,
        donationre0_.person_id as person_i7_3_0_,
        donationre0_.tested as tested5_3_0_ 
    from
        simplebloodbank.donation_record donationre0_ 
    where
        donationre0_.record_id=?
2021-04-18T22:28:12,757|[TRACE] BasicBinder - binding parameter [1] as [INTEGER] - [0]
]]></system-out>
  </testcase>
  <testcase name="testCreateEntityEdgeValues" classname="logic.DonationRecordLogicTest" time="0.01">
    <error type="javax.persistence.PersistenceException"><![CDATA[javax.persistence.PersistenceException: org.hibernate.PropertyValueException: not-null property references a null or transient value : entity.DonationRecord.administrator
	at logic.DonationRecordLogicTest.setUp(DonationRecordLogicTest.java:83)
Caused by: org.hibernate.PropertyValueException: not-null property references a null or transient value : entity.DonationRecord.administrator
	at logic.DonationRecordLogicTest.setUp(DonationRecordLogicTest.java:83)
]]></error>
    <system-out><![CDATA[2021-04-18T22:28:12,759|[DEBUG] EMFactory - getting EntityManagerFactory
2021-04-18T22:28:12,759|[DEBUG] EMFactory - initializeing EntityManagerFactory
2021-04-18T22:28:12,768|[DEBUG] SQL - 
    /* load entity.DonationRecord */ select
        donationre0_.record_id as record_i1_3_0_,
        donationre0_.administrator as administ2_3_0_,
        donationre0_.donation_id as donation6_3_0_,
        donationre0_.created as created3_3_0_,
        donationre0_.hospital as hospital4_3_0_,
        donationre0_.person_id as person_i7_3_0_,
        donationre0_.tested as tested5_3_0_ 
    from
        simplebloodbank.donation_record donationre0_ 
    where
        donationre0_.record_id=?
2021-04-18T22:28:12,769|[TRACE] BasicBinder - binding parameter [1] as [INTEGER] - [0]
]]></system-out>
  </testcase>
  <testcase name="testGetDonationRecordWithHospital" classname="logic.DonationRecordLogicTest" time="0.011">
    <error type="javax.persistence.PersistenceException"><![CDATA[javax.persistence.PersistenceException: org.hibernate.PropertyValueException: not-null property references a null or transient value : entity.DonationRecord.administrator
	at logic.DonationRecordLogicTest.setUp(DonationRecordLogicTest.java:83)
Caused by: org.hibernate.PropertyValueException: not-null property references a null or transient value : entity.DonationRecord.administrator
	at logic.DonationRecordLogicTest.setUp(DonationRecordLogicTest.java:83)
]]></error>
    <system-out><![CDATA[2021-04-18T22:28:12,770|[DEBUG] EMFactory - getting EntityManagerFactory
2021-04-18T22:28:12,770|[DEBUG] EMFactory - initializeing EntityManagerFactory
2021-04-18T22:28:12,780|[DEBUG] SQL - 
    /* load entity.DonationRecord */ select
        donationre0_.record_id as record_i1_3_0_,
        donationre0_.administrator as administ2_3_0_,
        donationre0_.donation_id as donation6_3_0_,
        donationre0_.created as created3_3_0_,
        donationre0_.hospital as hospital4_3_0_,
        donationre0_.person_id as person_i7_3_0_,
        donationre0_.tested as tested5_3_0_ 
    from
        simplebloodbank.donation_record donationre0_ 
    where
        donationre0_.record_id=?
2021-04-18T22:28:12,780|[TRACE] BasicBinder - binding parameter [1] as [INTEGER] - [0]
]]></system-out>
  </testcase>
  <testcase name="testGetAll" classname="logic.DonationRecordLogicTest" time="0.012">
    <error type="javax.persistence.PersistenceException"><![CDATA[javax.persistence.PersistenceException: org.hibernate.PropertyValueException: not-null property references a null or transient value : entity.DonationRecord.administrator
	at logic.DonationRecordLogicTest.setUp(DonationRecordLogicTest.java:83)
Caused by: org.hibernate.PropertyValueException: not-null property references a null or transient value : entity.DonationRecord.administrator
	at logic.DonationRecordLogicTest.setUp(DonationRecordLogicTest.java:83)
]]></error>
    <system-out><![CDATA[2021-04-18T22:28:12,782|[DEBUG] EMFactory - getting EntityManagerFactory
2021-04-18T22:28:12,782|[DEBUG] EMFactory - initializeing EntityManagerFactory
2021-04-18T22:28:12,792|[DEBUG] SQL - 
    /* load entity.DonationRecord */ select
        donationre0_.record_id as record_i1_3_0_,
        donationre0_.administrator as administ2_3_0_,
        donationre0_.donation_id as donation6_3_0_,
        donationre0_.created as created3_3_0_,
        donationre0_.hospital as hospital4_3_0_,
        donationre0_.person_id as person_i7_3_0_,
        donationre0_.tested as tested5_3_0_ 
    from
        simplebloodbank.donation_record donationre0_ 
    where
        donationre0_.record_id=?
2021-04-18T22:28:12,792|[TRACE] BasicBinder - binding parameter [1] as [INTEGER] - [0]
]]></system-out>
  </testcase>
  <testcase name="testGetDonationRecordWithCreated" classname="logic.DonationRecordLogicTest" time="0.011">
    <error type="javax.persistence.PersistenceException"><![CDATA[javax.persistence.PersistenceException: org.hibernate.PropertyValueException: not-null property references a null or transient value : entity.DonationRecord.administrator
	at logic.DonationRecordLogicTest.setUp(DonationRecordLogicTest.java:83)
Caused by: org.hibernate.PropertyValueException: not-null property references a null or transient value : entity.DonationRecord.administrator
	at logic.DonationRecordLogicTest.setUp(DonationRecordLogicTest.java:83)
]]></error>
    <system-out><![CDATA[2021-04-18T22:28:12,793|[DEBUG] EMFactory - getting EntityManagerFactory
2021-04-18T22:28:12,793|[DEBUG] EMFactory - initializeing EntityManagerFactory
2021-04-18T22:28:12,803|[DEBUG] SQL - 
    /* load entity.DonationRecord */ select
        donationre0_.record_id as record_i1_3_0_,
        donationre0_.administrator as administ2_3_0_,
        donationre0_.donation_id as donation6_3_0_,
        donationre0_.created as created3_3_0_,
        donationre0_.hospital as hospital4_3_0_,
        donationre0_.person_id as person_i7_3_0_,
        donationre0_.tested as tested5_3_0_ 
    from
        simplebloodbank.donation_record donationre0_ 
    where
        donationre0_.record_id=?
2021-04-18T22:28:12,803|[TRACE] BasicBinder - binding parameter [1] as [INTEGER] - [0]
]]></system-out>
  </testcase>
  <testcase name="testGetColumnCodes" classname="logic.DonationRecordLogicTest" time="0.011">
    <error type="javax.persistence.PersistenceException"><![CDATA[javax.persistence.PersistenceException: org.hibernate.PropertyValueException: not-null property references a null or transient value : entity.DonationRecord.administrator
	at logic.DonationRecordLogicTest.setUp(DonationRecordLogicTest.java:83)
Caused by: org.hibernate.PropertyValueException: not-null property references a null or transient value : entity.DonationRecord.administrator
	at logic.DonationRecordLogicTest.setUp(DonationRecordLogicTest.java:83)
]]></error>
    <system-out><![CDATA[2021-04-18T22:28:12,805|[DEBUG] EMFactory - getting EntityManagerFactory
2021-04-18T22:28:12,805|[DEBUG] EMFactory - initializeing EntityManagerFactory
2021-04-18T22:28:12,815|[DEBUG] SQL - 
    /* load entity.DonationRecord */ select
        donationre0_.record_id as record_i1_3_0_,
        donationre0_.administrator as administ2_3_0_,
        donationre0_.donation_id as donation6_3_0_,
        donationre0_.created as created3_3_0_,
        donationre0_.hospital as hospital4_3_0_,
        donationre0_.person_id as person_i7_3_0_,
        donationre0_.tested as tested5_3_0_ 
    from
        simplebloodbank.donation_record donationre0_ 
    where
        donationre0_.record_id=?
2021-04-18T22:28:12,815|[TRACE] BasicBinder - binding parameter [1] as [INTEGER] - [0]
]]></system-out>
  </testcase>
  <testcase name="testGetColumnNames" classname="logic.DonationRecordLogicTest" time="0.011">
    <error type="javax.persistence.PersistenceException"><![CDATA[javax.persistence.PersistenceException: org.hibernate.PropertyValueException: not-null property references a null or transient value : entity.DonationRecord.administrator
	at logic.DonationRecordLogicTest.setUp(DonationRecordLogicTest.java:83)
Caused by: org.hibernate.PropertyValueException: not-null property references a null or transient value : entity.DonationRecord.administrator
	at logic.DonationRecordLogicTest.setUp(DonationRecordLogicTest.java:83)
]]></error>
    <system-out><![CDATA[2021-04-18T22:28:12,817|[DEBUG] EMFactory - getting EntityManagerFactory
2021-04-18T22:28:12,817|[DEBUG] EMFactory - initializeing EntityManagerFactory
2021-04-18T22:28:12,827|[DEBUG] SQL - 
    /* load entity.DonationRecord */ select
        donationre0_.record_id as record_i1_3_0_,
        donationre0_.administrator as administ2_3_0_,
        donationre0_.donation_id as donation6_3_0_,
        donationre0_.created as created3_3_0_,
        donationre0_.hospital as hospital4_3_0_,
        donationre0_.person_id as person_i7_3_0_,
        donationre0_.tested as tested5_3_0_ 
    from
        simplebloodbank.donation_record donationre0_ 
    where
        donationre0_.record_id=?
2021-04-18T22:28:12,827|[TRACE] BasicBinder - binding parameter [1] as [INTEGER] - [0]
]]></system-out>
  </testcase>
  <testcase name="testGetWithId" classname="logic.DonationRecordLogicTest" time="0.011">
    <error type="javax.persistence.PersistenceException"><![CDATA[javax.persistence.PersistenceException: org.hibernate.PropertyValueException: not-null property references a null or transient value : entity.DonationRecord.administrator
	at logic.DonationRecordLogicTest.setUp(DonationRecordLogicTest.java:83)
Caused by: org.hibernate.PropertyValueException: not-null property references a null or transient value : entity.DonationRecord.administrator
	at logic.DonationRecordLogicTest.setUp(DonationRecordLogicTest.java:83)
]]></error>
    <system-out><![CDATA[2021-04-18T22:28:12,829|[DEBUG] EMFactory - getting EntityManagerFactory
2021-04-18T22:28:12,829|[DEBUG] EMFactory - initializeing EntityManagerFactory
2021-04-18T22:28:12,838|[DEBUG] SQL - 
    /* load entity.DonationRecord */ select
        donationre0_.record_id as record_i1_3_0_,
        donationre0_.administrator as administ2_3_0_,
        donationre0_.donation_id as donation6_3_0_,
        donationre0_.created as created3_3_0_,
        donationre0_.hospital as hospital4_3_0_,
        donationre0_.person_id as person_i7_3_0_,
        donationre0_.tested as tested5_3_0_ 
    from
        simplebloodbank.donation_record donationre0_ 
    where
        donationre0_.record_id=?
2021-04-18T22:28:12,838|[TRACE] BasicBinder - binding parameter [1] as [INTEGER] - [0]
]]></system-out>
  </testcase>
</testsuite>